\BOOKMARK [1][-]{section.1}{\376\377\133\236\232\214\166\356\166\204}{}% 1
\BOOKMARK [1][-]{section.2}{\376\377\133\236\117\213\134\125\171\072}{}% 2
\BOOKMARK [2][-]{subsection.2.1}{\376\377\000L\000a\000T\000e\000x}{section.2}% 3
\BOOKMARK [3][-]{subsubsection.2.1.1}{\376\377\122\027\210\150}{subsection.2.1}% 4
\BOOKMARK [3][-]{subsubsection.2.1.2}{\376\377\210\150\150\074}{subsection.2.1}% 5
\BOOKMARK [3][-]{subsubsection.2.1.3}{\376\377\126\376\162\107}{subsection.2.1}% 6
\BOOKMARK [3][-]{subsubsection.2.1.4}{\376\377\127\372\147\054\145\160\133\146\121\154\137\017}{subsection.2.1}% 7
\BOOKMARK [3][-]{subsubsection.2.1.5}{\376\377\165\073\173\200\123\125\126\376\137\142}{subsection.2.1}% 8
\BOOKMARK [3][-]{subsubsection.2.1.6}{\376\377\165\073\121\375\145\160\126\376\120\317}{subsection.2.1}% 9
\BOOKMARK [3][-]{subsubsection.2.1.7}{\376\377\167\351\226\065}{subsection.2.1}% 10
\BOOKMARK [3][-]{subsubsection.2.1.8}{\376\377\230\165\167\011\230\165\201\032}{subsection.2.1}% 11
\BOOKMARK [3][-]{subsubsection.2.1.9}{\376\377\136\166\143\222\126\376}{subsection.2.1}% 12
\BOOKMARK [3][-]{subsubsection.2.1.10}{\376\377\116\011\176\277\210\150}{subsection.2.1}% 13
\BOOKMARK [3][-]{subsubsection.2.1.11}{\376\377\135\114\131\127\210\150\150\074}{subsection.2.1}% 14
\BOOKMARK [3][-]{subsubsection.2.1.12}{\376\377\131\032\210\114\121\154\137\017}{subsection.2.1}% 15
\BOOKMARK [3][-]{subsubsection.2.1.13}{\376\377\143\011\173\111\123\367\133\371\237\120\166\204\131\032\210\114\121\154\137\017}{subsection.2.1}% 16
\BOOKMARK [3][-]{subsubsection.2.1.14}{\376\377\122\006\153\265\121\375\145\160}{subsection.2.1}% 17
\BOOKMARK [3][-]{subsubsection.2.1.15}{\376\377\000\040\213\301\146\016\163\257\130\203\124\214\213\301\153\325\173\046\123\367}{subsection.2.1}% 18
\BOOKMARK [3][-]{subsubsection.2.1.16}{\376\377\230\234\202\162\166\204\210\150\217\276}{subsection.2.1}% 19
\BOOKMARK [3][-]{subsubsection.2.1.17}{\376\377\215\205\224\376\143\245}{subsection.2.1}% 20
\BOOKMARK [3][-]{subsubsection.2.1.18}{\376\377\171\357\122\006\126\376\120\317}{subsection.2.1}% 21
\BOOKMARK [3][-]{subsubsection.2.1.19}{\376\377\145\207\133\127\176\323\160\271}{subsection.2.1}% 22
\BOOKMARK [3][-]{subsubsection.2.1.20}{\376\377\137\252\163\257}{subsection.2.1}% 23
\BOOKMARK [2][-]{subsection.2.2}{\376\377\000g\000i\000t}{section.2}% 24
\BOOKMARK [3][-]{subsubsection.2.2.1}{\376\377\145\260\136\372\000\040\000G\000i\000t\000\040\116\323\136\223\136\166\121\113\226\206}{subsection.2.2}% 25
\BOOKMARK [3][-]{subsubsection.2.2.2}{\376\377\215\337\216\052\145\207\116\366}{subsection.2.2}% 26
\BOOKMARK [3][-]{subsubsection.2.2.3}{\376\377\122\006\145\057}{subsection.2.2}% 27
\BOOKMARK [3][-]{subsubsection.2.2.4}{\376\377\122\006\145\057\166\204\124\010\136\166}{subsection.2.2}% 28
\BOOKMARK [3][-]{subsubsection.2.2.5}{\376\377\117\356\131\015\147\000\217\321\166\204\143\320\116\244\377\014\117\106\116\015\122\033\136\372\145\260\143\320\116\244}{subsection.2.2}% 29
\BOOKMARK [3][-]{subsubsection.2.2.6}{\376\377\123\330\127\372\116\000\116\052\122\006\145\057\122\060\123\346\116\000\116\052\122\006\145\057\377\014\136\166\211\343\121\263\123\357\200\375\121\372\163\260\166\204\121\262\172\201\000:}{subsection.2.2}% 30
\BOOKMARK [3][-]{subsubsection.2.2.7}{\376\377\221\315\121\231\122\006\145\057\123\206\123\362\377\014\117\177\142\100\147\011\143\320\116\244\220\375\142\020\116\072\116\073\122\006\145\057\166\204\116\000\220\350\122\006\000:\000:}{subsection.2.2}% 31
\BOOKMARK [3][-]{subsubsection.2.2.8}{\376\377\117\177\165\050\000\040\000g\000r\000e\000p\000\040\144\034\175\042\143\320\116\244\123\206\123\362\116\055\166\204\162\171\133\232\145\207\147\054}{subsection.2.2}% 32
\BOOKMARK [3][-]{subsubsection.2.2.9}{\376\377\116\244\116\222\137\017\123\330\127\372\136\166\117\356\145\071\116\000\174\373\122\027\143\320\116\244}{subsection.2.2}% 33
\BOOKMARK [3][-]{subsubsection.2.2.10}{\376\377\116\244\116\222\137\017\123\330\127\372\136\166\117\356\145\071\116\000\174\373\122\027\143\320\116\244}{subsection.2.2}% 34
\BOOKMARK [3][-]{subsubsection.2.2.11}{\376\377\117\177\165\050\201\032\147\054\201\352\122\250\123\026\000\040\000P\000u\000l\000l\000\040\000R\000e\000q\000u\000e\000s\000t\000\040\124\010\136\166\155\101\172\013}{subsection.2.2}% 35
\BOOKMARK [3][-]{subsubsection.2.2.12}{\376\377\122\033\136\372\116\000\116\052\150\007\173\176\166\204\201\352\122\250\123\026\201\032\147\054}{subsection.2.2}% 36
\BOOKMARK [3][-]{subsubsection.2.2.13}{\376\377\117\177\165\050\201\032\147\054\201\352\122\250\123\026\122\040\226\144\217\307\145\366\166\204\122\006\145\057}{subsection.2.2}% 37
\BOOKMARK [3][-]{subsubsection.2.2.14}{\376\377\117\177\165\050\201\032\147\054\201\352\122\250\123\026\150\300\147\345\122\006\145\057\146\057\124\046\204\075\124\016\116\216\217\334\172\013\122\006\145\057}{subsection.2.2}% 38
\BOOKMARK [3][-]{subsubsection.2.2.15}{\376\377\117\177\165\050\201\032\147\054\201\352\122\250\123\026\150\300\147\345\217\334\172\013\122\006\145\057\146\057\124\046\133\130\127\050}{subsection.2.2}% 39
\BOOKMARK [1][-]{section.3}{\376\377\126\360\226\276\116\016\211\343\121\263\145\271\150\110}{}% 40
\BOOKMARK [2][-]{subsection.3.1}{\376\377\000L\000a\000T\000e\000x}{section.3}% 41
\BOOKMARK [2][-]{subsection.3.2}{\376\377\000g\000i\000t}{section.3}% 42
\BOOKMARK [1][-]{section.4}{\376\377\137\303\137\227\117\123\117\032}{}% 43
\BOOKMARK [1][-]{section.5}{\376\377\000g\000i\000t\000h\000u\000b\177\121\127\100}{}% 44
