\BOOKMARK [1][-]{section.1}{\376\377\133\236\232\214\166\356\166\204}{}% 1
\BOOKMARK [1][-]{section.2}{\376\377\133\236\117\213\134\125\171\072}{}% 2
\BOOKMARK [2][-]{subsection.2.1}{\376\377\214\003\213\325\123\312\140\047\200\375\122\006\147\220}{section.2}% 3
\BOOKMARK [3][-]{subsubsection.2.1.1}{\376\377\127\050\000\040\000L\000i\000n\000u\000x\116\012\117\177\165\050\123\357\203\267\123\326\147\000\124\016\116\000\131\051\166\204\215\205\176\247\165\050\142\067\213\277\225\356\147\103\226\120\124\214\124\175\116\344\060\002}{subsection.2.1}% 4
\BOOKMARK [3][-]{subsubsection.2.1.2}{\376\377\133\211\210\305\000\040\000s\000h\000e\000l\000l\000c\000h\000e\000c\000k\000\040\136\166\134\035\213\325\150\300\147\345\116\345\116\013\201\032\147\054\060\002}{subsection.2.1}% 5
\BOOKMARK [3][-]{subsubsection.2.1.3}{\376\377\147\345\167\013\123\140\165\050\217\333\172\013\166\204\000p\000i\000d}{subsection.2.1}% 6
\BOOKMARK [3][-]{subsubsection.2.1.4}{\376\377\217\320\210\114\136\166\117\177\165\050\000\040\123\357\211\306\123\026\000\040\000C\000P\000U\000\040\155\210\200\027\060\002}{subsection.2.1}% 7
\BOOKMARK [3][-]{subsubsection.2.1.5}{\376\377\142\147\210\114\000\040\000H\000T\000T\000P\000\040\213\367\154\102\136\166\203\267\123\326\147\011\121\163\140\250\166\204\121\154\147\011\000\040\000I\000P\000\040\166\204\117\341\140\157\060\002}{subsection.2.1}% 8
\BOOKMARK [3][-]{subsubsection.2.1.6}{\376\377\117\177\165\050\000\040\000G\000D\000B\000\040\214\003\213\325\000\040\000C\000/\000C\000+\000+\000\040\172\013\136\217}{subsection.2.1}% 9
\BOOKMARK [3][-]{subsubsection.2.1.7}{\376\377\117\177\165\050\000\040\000s\000t\000r\000a\000c\000e\000\040\215\337\216\052\174\373\176\337\214\003\165\050}{subsection.2.1}% 10
\BOOKMARK [3][-]{subsubsection.2.1.8}{\376\377\150\300\155\113\121\205\133\130\154\304\157\017}{subsection.2.1}% 11
\BOOKMARK [3][-]{subsubsection.2.1.9}{\376\377\117\177\165\050\000\040\000p\000e\000r\000f\000\040\122\006\147\220\172\013\136\217\140\047\200\375}{subsection.2.1}% 12
\BOOKMARK [2][-]{subsection.2.2}{\376\377\121\103\177\026\172\013\157\024\171\072\133\236\232\214}{section.2}% 13
\BOOKMARK [3][-]{subsubsection.2.2.1}{\376\377\000m\000a\000k\000e\000\040\221\315\145\260\147\204\136\372}{subsection.2.2}% 14
\BOOKMARK [3][-]{subsubsection.2.2.2}{\376\377\122\250\140\001\122\033\136\372\174\173\124\214\145\271\154\325}{subsection.2.2}% 15
\BOOKMARK [3][-]{subsubsection.2.2.3}{\376\377\122\250\140\001\134\136\140\047\155\373\122\240}{subsection.2.2}% 16
\BOOKMARK [3][-]{subsubsection.2.2.4}{\376\377\117\177\165\050\121\103\174\173\217\333\210\114\134\136\140\047\232\214\213\301}{subsection.2.2}% 17
\BOOKMARK [3][-]{subsubsection.2.2.5}{\376\377\117\177\165\050\210\305\231\160\126\150\217\333\210\114\145\271\154\325\213\241\145\366}{subsection.2.2}% 18
\BOOKMARK [3][-]{subsubsection.2.2.6}{\376\377\117\177\165\050\121\103\174\173\133\236\163\260\123\352\213\373\134\136\140\047}{subsection.2.2}% 19
\BOOKMARK [3][-]{subsubsection.2.2.7}{\376\377\117\177\165\050\210\305\231\160\126\150\217\333\210\114\145\271\154\325\145\345\137\327\213\260\137\125\000\040}{subsection.2.2}% 20
\BOOKMARK [2][-]{subsection.2.3}{\376\377\131\047\147\102\160\351}{section.2}% 21
\BOOKMARK [3][-]{subsubsection.2.3.1}{\376\377\000M\000a\000r\000k\000d\000o\000w\000n\210\150\150\074}{subsection.2.3}% 22
\BOOKMARK [3][-]{subsubsection.2.3.2}{\376\377\000M\000a\000r\000k\000d\000o\000w\000n\135\114\131\127\122\027\210\150}{subsection.2.3}% 23
\BOOKMARK [3][-]{subsubsection.2.3.3}{\376\377\137\025\165\050\127\127}{subsection.2.3}% 24
\BOOKMARK [3][-]{subsubsection.2.3.4}{\376\377\000\040\116\373\122\241\122\027\210\150}{subsection.2.3}% 25
\BOOKMARK [3][-]{subsubsection.2.3.5}{\376\377\201\352\133\232\116\111\224\376\143\245\124\214\126\376\162\107}{subsection.2.3}% 26
\BOOKMARK [2][-]{subsection.2.4}{\376\377\000P\000y\000T\000o\000r\000c\000h\177\026\172\013}{section.2}% 27
\BOOKMARK [3][-]{subsubsection.2.4.1}{\376\377\201\352\133\232\116\111\201\352\122\250\137\256\122\006}{subsection.2.4}% 28
\BOOKMARK [3][-]{subsubsection.2.4.2}{\376\377\122\250\140\001\213\241\173\227\126\376}{subsection.2.4}% 29
\BOOKMARK [3][-]{subsubsection.2.4.3}{\376\377\201\352\133\232\116\111\145\160\143\156\226\306}{subsection.2.4}% 30
\BOOKMARK [3][-]{subsubsection.2.4.4}{\376\377\176\277\140\047\126\336\137\122}{subsection.2.4}% 31
\BOOKMARK [3][-]{subsubsection.2.4.5}{\376\377\171\136\176\317\177\121\176\334\122\006\174\173\126\150}{subsection.2.4}% 32
\BOOKMARK [3][-]{subsubsection.2.4.6}{\376\377\123\167\171\357\171\136\176\317\177\121\176\334\377\010\000C\000N\000N\377\011\217\333\210\114\126\376\120\317\122\006\174\173}{subsection.2.4}% 33
\BOOKMARK [3][-]{subsubsection.2.4.7}{\376\377\137\252\163\257\171\136\176\317\177\121\176\334\377\010\000R\000N\000N\377\011\217\333\210\114\136\217\122\027\230\204\155\113}{subsection.2.4}% 34
\BOOKMARK [3][-]{subsubsection.2.4.8}{\376\377\201\352\133\232\116\111\145\160\143\156\226\306\124\214\145\160\143\156\122\240\217\175\126\150}{subsection.2.4}% 35
\BOOKMARK [1][-]{section.3}{\376\377\126\360\226\276\116\016\211\343\121\263\145\271\150\110}{}% 36
\BOOKMARK [2][-]{subsection.3.1}{\376\377\214\003\213\325\123\312\140\047\200\375\122\006\147\220}{section.3}% 37
\BOOKMARK [2][-]{subsection.3.2}{\376\377\121\103\177\026\172\013\157\024\171\072}{section.3}% 38
\BOOKMARK [2][-]{subsection.3.3}{\376\377\000P\000y\000T\000o\000r\000c\000h\177\026\172\013}{section.3}% 39
\BOOKMARK [1][-]{section.4}{\376\377\137\303\137\227\117\123\117\032}{}% 40
\BOOKMARK [1][-]{section.5}{\376\377\000g\000i\000t\000h\000u\000b\177\121\127\100}{}% 41
