This is pdfTeX, Version 3.141592653-2.6-1.40.26 (TeX Live 2024) (preloaded format=pdflatex 2024.8.25)  12 SEP 2024 09:49
entering extended mode
 restricted \write18 enabled.
 %&-line parsing enabled.
**於佳杰的LATEX.tex
(./於佳杰的LATEX.tex
LaTeX2e <2024-06-01> patch level 2
L3 programming layer <2024-07-20>
(c:/latex/texlive/2024/texmf-dist/tex/latex/ctex/ctexart.cls
(c:/latex/texlive/2024/texmf-dist/tex/latex/ctex/config/ctexbackend.cfg
File: ctexbackend.cfg 2022/07/14 v2.5.10 Backend configuration file (CTEX)
)
(c:/latex/texlive/2024/texmf-dist/tex/latex/l3kernel/expl3.sty
Package: expl3 2024-07-20 L3 programming layer (loader) 

(c:/latex/texlive/2024/texmf-dist/tex/latex/l3backend/l3backend-pdftex.def
File: l3backend-pdftex.def 2024-05-08 L3 backend support: PDF output (pdfTeX)
\l__color_backend_stack_int=\count194
\l__pdf_internal_box=\box52
))
Document Class: ctexart 2022/07/14 v2.5.10 Chinese adapter for class article (C
TEX)
(c:/latex/texlive/2024/texmf-dist/tex/latex/ctex/ctexhook.sty
Package: ctexhook 2022/07/14 v2.5.10 Document and package hooks (CTEX)
)
(c:/latex/texlive/2024/texmf-dist/tex/latex/ctex/ctexpatch.sty
Package: ctexpatch 2022/07/14 v2.5.10 Patching commands (CTEX)
)
(c:/latex/texlive/2024/texmf-dist/tex/latex/base/fix-cm.sty
Package: fix-cm 2020/11/24 v1.1t fixes to LaTeX

(c:/latex/texlive/2024/texmf-dist/tex/latex/base/ts1enc.def
File: ts1enc.def 2001/06/05 v3.0e (jk/car/fm) Standard LaTeX file
LaTeX Font Info:    Redeclaring font encoding TS1 on input line 47.
))
\l__ctex_tmp_int=\count195
\l__ctex_tmp_box=\box53
\l__ctex_tmp_dim=\dimen141
\g__ctex_section_depth_int=\count196
\g__ctex_font_size_int=\count197

(c:/latex/texlive/2024/texmf-dist/tex/latex/ctex/config/ctexopts.cfg
File: ctexopts.cfg 2022/07/14 v2.5.10 Option configuration file (CTEX)
)
(c:/latex/texlive/2024/texmf-dist/tex/latex/base/article.cls
Document Class: article 2024/02/08 v1.4n Standard LaTeX document class
(c:/latex/texlive/2024/texmf-dist/tex/latex/base/size10.clo
File: size10.clo 2024/02/08 v1.4n Standard LaTeX file (size option)
)
\c@part=\count198
\c@section=\count199
\c@subsection=\count266
\c@subsubsection=\count267
\c@paragraph=\count268
\c@subparagraph=\count269
\c@figure=\count270
\c@table=\count271
\abovecaptionskip=\skip49
\belowcaptionskip=\skip50
\bibindent=\dimen142
)
(c:/latex/texlive/2024/texmf-dist/tex/latex/ctex/engine/ctex-engine-pdftex.def
File: ctex-engine-pdftex.def 2022/07/14 v2.5.10 (pdf)LaTeX adapter (CTEX)

(c:/latex/texlive/2024/texmf-dist/tex/latex/cjk/texinput/CJKutf8.sty
Package: CJKutf8 2021/10/16 4.8.5

(c:/latex/texlive/2024/texmf-dist/tex/generic/iftex/ifpdf.sty
Package: ifpdf 2019/10/25 v3.4 ifpdf legacy package. Use iftex instead.

(c:/latex/texlive/2024/texmf-dist/tex/generic/iftex/iftex.sty
Package: iftex 2022/02/03 v1.0f TeX engine tests
))
(c:/latex/texlive/2024/texmf-dist/tex/latex/base/inputenc.sty
Package: inputenc 2024/02/08 v1.3d Input encoding file
\inpenc@prehook=\toks17
\inpenc@posthook=\toks18
)
(c:/latex/texlive/2024/texmf-dist/tex/latex/cjk/texinput/CJK.sty
Package: CJK 2021/10/16 4.8.5

(c:/latex/texlive/2024/texmf-dist/tex/latex/cjk/texinput/mule/MULEenc.sty
Package: MULEenc 2021/10/16 4.8.5
)
(c:/latex/texlive/2024/texmf-dist/tex/latex/cjk/texinput/CJK.enc
File: CJK.enc 2021/10/16 4.8.5
Now handling font encoding C00 ...
... no UTF-8 mapping file for font encoding C00
Now handling font encoding C05 ...
... no UTF-8 mapping file for font encoding C05
Now handling font encoding C09 ...
... no UTF-8 mapping file for font encoding C09
Now handling font encoding C10 ...
... no UTF-8 mapping file for font encoding C10
Now handling font encoding C20 ...
... no UTF-8 mapping file for font encoding C20
Now handling font encoding C19 ...
... no UTF-8 mapping file for font encoding C19
Now handling font encoding C40 ...
... no UTF-8 mapping file for font encoding C40
Now handling font encoding C42 ...
... no UTF-8 mapping file for font encoding C42
Now handling font encoding C43 ...
... no UTF-8 mapping file for font encoding C43
Now handling font encoding C50 ...
... no UTF-8 mapping file for font encoding C50
Now handling font encoding C52 ...
... no UTF-8 mapping file for font encoding C52
Now handling font encoding C49 ...
... no UTF-8 mapping file for font encoding C49
Now handling font encoding C60 ...
... no UTF-8 mapping file for font encoding C60
Now handling font encoding C61 ...
... no UTF-8 mapping file for font encoding C61
Now handling font encoding C63 ...
... no UTF-8 mapping file for font encoding C63
Now handling font encoding C64 ...
... no UTF-8 mapping file for font encoding C64
Now handling font encoding C65 ...
... no UTF-8 mapping file for font encoding C65
Now handling font encoding C70 ...
... no UTF-8 mapping file for font encoding C70
Now handling font encoding C31 ...
... no UTF-8 mapping file for font encoding C31
Now handling font encoding C32 ...
... no UTF-8 mapping file for font encoding C32
Now handling font encoding C33 ...
... no UTF-8 mapping file for font encoding C33
Now handling font encoding C34 ...
... no UTF-8 mapping file for font encoding C34
Now handling font encoding C35 ...
... no UTF-8 mapping file for font encoding C35
Now handling font encoding C36 ...
... no UTF-8 mapping file for font encoding C36
Now handling font encoding C37 ...
... no UTF-8 mapping file for font encoding C37
Now handling font encoding C80 ...
... no UTF-8 mapping file for font encoding C80
Now handling font encoding C81 ...
... no UTF-8 mapping file for font encoding C81
Now handling font encoding C01 ...
... no UTF-8 mapping file for font encoding C01
Now handling font encoding C11 ...
... no UTF-8 mapping file for font encoding C11
Now handling font encoding C21 ...
... no UTF-8 mapping file for font encoding C21
Now handling font encoding C41 ...
... no UTF-8 mapping file for font encoding C41
Now handling font encoding C62 ...
... no UTF-8 mapping file for font encoding C62
)
\CJK@indent=\box54
)
(c:/latex/texlive/2024/texmf-dist/tex/latex/base/fontenc.sty
Package: fontenc 2021/04/29 v2.0v Standard LaTeX package
))
(c:/latex/texlive/2024/texmf-dist/tex/latex/cjkpunct/CJKpunct.sty
Package: CJKpunct 2016/05/14 4.8.4
\CJKpunct@cnta=\count272
\CJKpunct@cntb=\count273
\CJKpunct@cntc=\count274
\CJKpunct@cntd=\count275
\CJKpunct@cnte=\count276
   defining Unicode char U+2018 (decimal 8216)
   defining Unicode char U+2019 (decimal 8217)
   defining Unicode char U+201C (decimal 8220)
   defining Unicode char U+201D (decimal 8221)
   defining Unicode char U+2014 (decimal 8212)
   defining Unicode char U+2026 (decimal 8230)

(c:/latex/texlive/2024/texmf-dist/tex/latex/cjkpunct/CJKpunct.spa))
(c:/latex/texlive/2024/texmf-dist/tex/latex/cjk/texinput/CJKspace.sty
Package: CJKspace 2021/10/16 3.8.0
)
(c:/latex/texlive/2024/texmf-dist/tex/latex/cjk/texinput/UTF8/UTF8.bdg
File: UTF8.bdg 2021/10/16 4.8.5
)
(c:/latex/texlive/2024/texmf-dist/tex/latex/ctex/ctexspa.def
File: ctexspa.def 2022/07/14 v2.5.10 Space info for CJKpunct (CTEX)
)
\ccwd=\dimen143
\l__ctex_ccglue_skip=\skip51
)
\l__ctex_ziju_dim=\dimen144

(c:/latex/texlive/2024/texmf-dist/tex/latex/zhnumber/zhnumber.sty
Package: zhnumber 2022/07/14 v3.0 Typesetting numbers with Chinese glyphs
\l__zhnum_scale_int=\count277
\l__zhnum_tmp_int=\count278

(c:/latex/texlive/2024/texmf-dist/tex/latex/zhnumber/zhnumber-utf8.cfg
File: zhnumber-utf8.cfg 2022/07/14 v3.0 Chinese numerals with UTF8 encoding
))
\l__ctex_heading_skip=\skip52

(c:/latex/texlive/2024/texmf-dist/tex/latex/ctex/scheme/ctex-scheme-chinese-art
icle.def
File: ctex-scheme-chinese-article.def 2022/07/14 v2.5.10 Chinese scheme for art
icle (CTEX)

(c:/latex/texlive/2024/texmf-dist/tex/latex/ctex/config/ctex-name-utf8.cfg
File: ctex-name-utf8.cfg 2022/07/14 v2.5.10 Caption with encoding UTF-8 (CTEX)
))
(c:/latex/texlive/2024/texmf-dist/tex/latex/ctex/ctex-c5size.clo
File: ctex-c5size.clo 2022/07/14 v2.5.10 c5size option (CTEX)
)
(c:/latex/texlive/2024/texmf-dist/tex/latex/ctex/fontset/ctex-fontset-windows.d
ef
File: ctex-fontset-windows.def 2022/07/14 v2.5.10 Windows fonts definition (CTE
X)
)) (c:/latex/texlive/2024/texmf-dist/tex/latex/ctex/config/ctex.cfg
File: ctex.cfg 2022/07/14 v2.5.10 Configuration file (CTEX)
)

Package ctexhook Warning: Package `ctex' can not be loaded with `ctexart'.

LaTeX Info: Package 'ctex.sty' has been disabled.
            Load request ignored on input line 3.
(c:/latex/texlive/2024/texmf-dist/tex/latex/graphics/graphicx.sty
Package: graphicx 2021/09/16 v1.2d Enhanced LaTeX Graphics (DPC,SPQR)

(c:/latex/texlive/2024/texmf-dist/tex/latex/graphics/keyval.sty
Package: keyval 2022/05/29 v1.15 key=value parser (DPC)
\KV@toks@=\toks19
)
(c:/latex/texlive/2024/texmf-dist/tex/latex/graphics/graphics.sty
Package: graphics 2024/05/23 v1.4g Standard LaTeX Graphics (DPC,SPQR)

(c:/latex/texlive/2024/texmf-dist/tex/latex/graphics/trig.sty
Package: trig 2023/12/02 v1.11 sin cos tan (DPC)
)
(c:/latex/texlive/2024/texmf-dist/tex/latex/graphics-cfg/graphics.cfg
File: graphics.cfg 2016/06/04 v1.11 sample graphics configuration
)
Package graphics Info: Driver file: pdftex.def on input line 106.

(c:/latex/texlive/2024/texmf-dist/tex/latex/graphics-def/pdftex.def
File: pdftex.def 2024/04/13 v1.2c Graphics/color driver for pdftex
))
\Gin@req@height=\dimen145
\Gin@req@width=\dimen146
)
(c:/latex/texlive/2024/texmf-dist/tex/latex/graphics/color.sty
Package: color 2024/01/14 v1.3d Standard LaTeX Color (DPC)

(c:/latex/texlive/2024/texmf-dist/tex/latex/graphics-cfg/color.cfg
File: color.cfg 2016/01/02 v1.6 sample color configuration
)
Package color Info: Driver file: pdftex.def on input line 149.

(c:/latex/texlive/2024/texmf-dist/tex/latex/graphics/mathcolor.ltx))
(c:/latex/texlive/2024/texmf-dist/tex/latex/xcolor/xcolor.sty
Package: xcolor 2023/11/15 v3.01 LaTeX color extensions (UK)

(c:/latex/texlive/2024/texmf-dist/tex/latex/graphics-cfg/color.cfg
File: color.cfg 2016/01/02 v1.6 sample color configuration
)
Package xcolor Info: Driver file: pdftex.def on input line 274.
LaTeX Info: Redefining \color on input line 758.

(c:/latex/texlive/2024/texmf-dist/tex/latex/graphics/mathcolor.ltx)
Package xcolor Info: Model `cmy' substituted by `cmy0' on input line 1350.
Package xcolor Info: Model `hsb' substituted by `rgb' on input line 1354.
Package xcolor Info: Model `RGB' extended on input line 1366.
Package xcolor Info: Model `HTML' substituted by `rgb' on input line 1368.
Package xcolor Info: Model `Hsb' substituted by `hsb' on input line 1369.
Package xcolor Info: Model `tHsb' substituted by `hsb' on input line 1370.
Package xcolor Info: Model `HSB' substituted by `hsb' on input line 1371.
Package xcolor Info: Model `Gray' substituted by `gray' on input line 1372.
Package xcolor Info: Model `wave' substituted by `hsb' on input line 1373.
)
(c:/latex/texlive/2024/texmf-dist/tex/latex/listings/listings.sty
\lst@mode=\count279
\lst@gtempboxa=\box55
\lst@token=\toks20
\lst@length=\count280
\lst@currlwidth=\dimen147
\lst@column=\count281
\lst@pos=\count282
\lst@lostspace=\dimen148
\lst@width=\dimen149
\lst@newlines=\count283
\lst@lineno=\count284
\lst@maxwidth=\dimen150

(c:/latex/texlive/2024/texmf-dist/tex/latex/listings/lstpatch.sty
File: lstpatch.sty 2024/05/25 1.10b (Carsten Heinz)
)
(c:/latex/texlive/2024/texmf-dist/tex/latex/listings/lstmisc.sty
File: lstmisc.sty 2024/05/25 1.10b (Carsten Heinz)
\c@lstnumber=\count285
\lst@skipnumbers=\count286
\lst@framebox=\box56
)
(c:/latex/texlive/2024/texmf-dist/tex/latex/listings/listings.cfg
File: listings.cfg 2024/05/25 1.10b listings configuration
))
Package: listings 2024/05/25 1.10b (Carsten Heinz)

(c:/latex/texlive/2024/texmf-dist/tex/latex/float/float.sty
Package: float 2001/11/08 v1.3d Float enhancements (AL)
\c@float@type=\count287
\float@exts=\toks21
\float@box=\box57
\@float@everytoks=\toks22
\@floatcapt=\box58
)
(c:/latex/texlive/2024/texmf-dist/tex/latex/amsmath/amsmath.sty
Package: amsmath 2024/05/23 v2.17q AMS math features
\@mathmargin=\skip53

For additional information on amsmath, use the `?' option.
(c:/latex/texlive/2024/texmf-dist/tex/latex/amsmath/amstext.sty
Package: amstext 2021/08/26 v2.01 AMS text

(c:/latex/texlive/2024/texmf-dist/tex/latex/amsmath/amsgen.sty
File: amsgen.sty 1999/11/30 v2.0 generic functions
\@emptytoks=\toks23
\ex@=\dimen151
))
(c:/latex/texlive/2024/texmf-dist/tex/latex/amsmath/amsbsy.sty
Package: amsbsy 1999/11/29 v1.2d Bold Symbols
\pmbraise@=\dimen152
)
(c:/latex/texlive/2024/texmf-dist/tex/latex/amsmath/amsopn.sty
Package: amsopn 2022/04/08 v2.04 operator names
)
\inf@bad=\count288
LaTeX Info: Redefining \frac on input line 233.
\uproot@=\count289
\leftroot@=\count290
LaTeX Info: Redefining \overline on input line 398.
LaTeX Info: Redefining \colon on input line 409.
\classnum@=\count291
\DOTSCASE@=\count292
LaTeX Info: Redefining \ldots on input line 495.
LaTeX Info: Redefining \dots on input line 498.
LaTeX Info: Redefining \cdots on input line 619.
\Mathstrutbox@=\box59
\strutbox@=\box60
LaTeX Info: Redefining \big on input line 721.
LaTeX Info: Redefining \Big on input line 722.
LaTeX Info: Redefining \bigg on input line 723.
LaTeX Info: Redefining \Bigg on input line 724.
\big@size=\dimen153
LaTeX Font Info:    Redeclaring font encoding OML on input line 742.
LaTeX Font Info:    Redeclaring font encoding OMS on input line 743.
\macc@depth=\count293
LaTeX Info: Redefining \bmod on input line 904.
LaTeX Info: Redefining \pmod on input line 909.
LaTeX Info: Redefining \smash on input line 939.
LaTeX Info: Redefining \relbar on input line 969.
LaTeX Info: Redefining \Relbar on input line 970.
\c@MaxMatrixCols=\count294
\dotsspace@=\muskip17
\c@parentequation=\count295
\dspbrk@lvl=\count296
\tag@help=\toks24
\row@=\count297
\column@=\count298
\maxfields@=\count299
\andhelp@=\toks25
\eqnshift@=\dimen154
\alignsep@=\dimen155
\tagshift@=\dimen156
\tagwidth@=\dimen157
\totwidth@=\dimen158
\lineht@=\dimen159
\@envbody=\toks26
\multlinegap=\skip54
\multlinetaggap=\skip55
\mathdisplay@stack=\toks27
LaTeX Info: Redefining \[ on input line 2953.
LaTeX Info: Redefining \] on input line 2954.
)
(c:/latex/texlive/2024/texmf-dist/tex/latex/pgf/frontendlayer/tikz.sty
(c:/latex/texlive/2024/texmf-dist/tex/latex/pgf/basiclayer/pgf.sty
(c:/latex/texlive/2024/texmf-dist/tex/latex/pgf/utilities/pgfrcs.sty
(c:/latex/texlive/2024/texmf-dist/tex/generic/pgf/utilities/pgfutil-common.tex
\pgfutil@everybye=\toks28
\pgfutil@tempdima=\dimen160
\pgfutil@tempdimb=\dimen161
) (c:/latex/texlive/2024/texmf-dist/tex/generic/pgf/utilities/pgfutil-latex.def
\pgfutil@abb=\box61
) (c:/latex/texlive/2024/texmf-dist/tex/generic/pgf/utilities/pgfrcs.code.tex
(c:/latex/texlive/2024/texmf-dist/tex/generic/pgf/pgf.revision.tex)
Package: pgfrcs 2023-01-15 v3.1.10 (3.1.10)
))
Package: pgf 2023-01-15 v3.1.10 (3.1.10)

(c:/latex/texlive/2024/texmf-dist/tex/latex/pgf/basiclayer/pgfcore.sty
(c:/latex/texlive/2024/texmf-dist/tex/latex/pgf/systemlayer/pgfsys.sty
(c:/latex/texlive/2024/texmf-dist/tex/generic/pgf/systemlayer/pgfsys.code.tex
Package: pgfsys 2023-01-15 v3.1.10 (3.1.10)

(c:/latex/texlive/2024/texmf-dist/tex/generic/pgf/utilities/pgfkeys.code.tex
\pgfkeys@pathtoks=\toks29
\pgfkeys@temptoks=\toks30

(c:/latex/texlive/2024/texmf-dist/tex/generic/pgf/utilities/pgfkeyslibraryfilte
red.code.tex
\pgfkeys@tmptoks=\toks31
))
\pgf@x=\dimen162
\pgf@y=\dimen163
\pgf@xa=\dimen164
\pgf@ya=\dimen165
\pgf@xb=\dimen166
\pgf@yb=\dimen167
\pgf@xc=\dimen168
\pgf@yc=\dimen169
\pgf@xd=\dimen170
\pgf@yd=\dimen171
\w@pgf@writea=\write3
\r@pgf@reada=\read2
\c@pgf@counta=\count300
\c@pgf@countb=\count301
\c@pgf@countc=\count302
\c@pgf@countd=\count303
\t@pgf@toka=\toks32
\t@pgf@tokb=\toks33
\t@pgf@tokc=\toks34
\pgf@sys@id@count=\count304

(c:/latex/texlive/2024/texmf-dist/tex/generic/pgf/systemlayer/pgf.cfg
File: pgf.cfg 2023-01-15 v3.1.10 (3.1.10)
)
Driver file for pgf: pgfsys-pdftex.def

(c:/latex/texlive/2024/texmf-dist/tex/generic/pgf/systemlayer/pgfsys-pdftex.def
File: pgfsys-pdftex.def 2023-01-15 v3.1.10 (3.1.10)

(c:/latex/texlive/2024/texmf-dist/tex/generic/pgf/systemlayer/pgfsys-common-pdf
.def
File: pgfsys-common-pdf.def 2023-01-15 v3.1.10 (3.1.10)
)))
(c:/latex/texlive/2024/texmf-dist/tex/generic/pgf/systemlayer/pgfsyssoftpath.co
de.tex
File: pgfsyssoftpath.code.tex 2023-01-15 v3.1.10 (3.1.10)
\pgfsyssoftpath@smallbuffer@items=\count305
\pgfsyssoftpath@bigbuffer@items=\count306
)
(c:/latex/texlive/2024/texmf-dist/tex/generic/pgf/systemlayer/pgfsysprotocol.co
de.tex
File: pgfsysprotocol.code.tex 2023-01-15 v3.1.10 (3.1.10)
))
(c:/latex/texlive/2024/texmf-dist/tex/generic/pgf/basiclayer/pgfcore.code.tex
Package: pgfcore 2023-01-15 v3.1.10 (3.1.10)

(c:/latex/texlive/2024/texmf-dist/tex/generic/pgf/math/pgfmath.code.tex
(c:/latex/texlive/2024/texmf-dist/tex/generic/pgf/math/pgfmathutil.code.tex)
(c:/latex/texlive/2024/texmf-dist/tex/generic/pgf/math/pgfmathparser.code.tex
\pgfmath@dimen=\dimen172
\pgfmath@count=\count307
\pgfmath@box=\box62
\pgfmath@toks=\toks35
\pgfmath@stack@operand=\toks36
\pgfmath@stack@operation=\toks37
)
(c:/latex/texlive/2024/texmf-dist/tex/generic/pgf/math/pgfmathfunctions.code.te
x)
(c:/latex/texlive/2024/texmf-dist/tex/generic/pgf/math/pgfmathfunctions.basic.c
ode.tex)
(c:/latex/texlive/2024/texmf-dist/tex/generic/pgf/math/pgfmathfunctions.trigono
metric.code.tex)
(c:/latex/texlive/2024/texmf-dist/tex/generic/pgf/math/pgfmathfunctions.random.
code.tex)
(c:/latex/texlive/2024/texmf-dist/tex/generic/pgf/math/pgfmathfunctions.compari
son.code.tex)
(c:/latex/texlive/2024/texmf-dist/tex/generic/pgf/math/pgfmathfunctions.base.co
de.tex)
(c:/latex/texlive/2024/texmf-dist/tex/generic/pgf/math/pgfmathfunctions.round.c
ode.tex)
(c:/latex/texlive/2024/texmf-dist/tex/generic/pgf/math/pgfmathfunctions.misc.co
de.tex)
(c:/latex/texlive/2024/texmf-dist/tex/generic/pgf/math/pgfmathfunctions.integer
arithmetics.code.tex)
(c:/latex/texlive/2024/texmf-dist/tex/generic/pgf/math/pgfmathcalc.code.tex)
(c:/latex/texlive/2024/texmf-dist/tex/generic/pgf/math/pgfmathfloat.code.tex
\c@pgfmathroundto@lastzeros=\count308
))
(c:/latex/texlive/2024/texmf-dist/tex/generic/pgf/math/pgfint.code.tex)
(c:/latex/texlive/2024/texmf-dist/tex/generic/pgf/basiclayer/pgfcorepoints.code
.tex
File: pgfcorepoints.code.tex 2023-01-15 v3.1.10 (3.1.10)
\pgf@picminx=\dimen173
\pgf@picmaxx=\dimen174
\pgf@picminy=\dimen175
\pgf@picmaxy=\dimen176
\pgf@pathminx=\dimen177
\pgf@pathmaxx=\dimen178
\pgf@pathminy=\dimen179
\pgf@pathmaxy=\dimen180
\pgf@xx=\dimen181
\pgf@xy=\dimen182
\pgf@yx=\dimen183
\pgf@yy=\dimen184
\pgf@zx=\dimen185
\pgf@zy=\dimen186
)
(c:/latex/texlive/2024/texmf-dist/tex/generic/pgf/basiclayer/pgfcorepathconstru
ct.code.tex
File: pgfcorepathconstruct.code.tex 2023-01-15 v3.1.10 (3.1.10)
\pgf@path@lastx=\dimen187
\pgf@path@lasty=\dimen188
)
(c:/latex/texlive/2024/texmf-dist/tex/generic/pgf/basiclayer/pgfcorepathusage.c
ode.tex
File: pgfcorepathusage.code.tex 2023-01-15 v3.1.10 (3.1.10)
\pgf@shorten@end@additional=\dimen189
\pgf@shorten@start@additional=\dimen190
)
(c:/latex/texlive/2024/texmf-dist/tex/generic/pgf/basiclayer/pgfcorescopes.code
.tex
File: pgfcorescopes.code.tex 2023-01-15 v3.1.10 (3.1.10)
\pgfpic=\box63
\pgf@hbox=\box64
\pgf@layerbox@main=\box65
\pgf@picture@serial@count=\count309
)
(c:/latex/texlive/2024/texmf-dist/tex/generic/pgf/basiclayer/pgfcoregraphicstat
e.code.tex
File: pgfcoregraphicstate.code.tex 2023-01-15 v3.1.10 (3.1.10)
\pgflinewidth=\dimen191
)
(c:/latex/texlive/2024/texmf-dist/tex/generic/pgf/basiclayer/pgfcoretransformat
ions.code.tex
File: pgfcoretransformations.code.tex 2023-01-15 v3.1.10 (3.1.10)
\pgf@pt@x=\dimen192
\pgf@pt@y=\dimen193
\pgf@pt@temp=\dimen194
)
(c:/latex/texlive/2024/texmf-dist/tex/generic/pgf/basiclayer/pgfcorequick.code.
tex
File: pgfcorequick.code.tex 2023-01-15 v3.1.10 (3.1.10)
)
(c:/latex/texlive/2024/texmf-dist/tex/generic/pgf/basiclayer/pgfcoreobjects.cod
e.tex
File: pgfcoreobjects.code.tex 2023-01-15 v3.1.10 (3.1.10)
)
(c:/latex/texlive/2024/texmf-dist/tex/generic/pgf/basiclayer/pgfcorepathprocess
ing.code.tex
File: pgfcorepathprocessing.code.tex 2023-01-15 v3.1.10 (3.1.10)
)
(c:/latex/texlive/2024/texmf-dist/tex/generic/pgf/basiclayer/pgfcorearrows.code
.tex
File: pgfcorearrows.code.tex 2023-01-15 v3.1.10 (3.1.10)
\pgfarrowsep=\dimen195
)
(c:/latex/texlive/2024/texmf-dist/tex/generic/pgf/basiclayer/pgfcoreshade.code.
tex
File: pgfcoreshade.code.tex 2023-01-15 v3.1.10 (3.1.10)
\pgf@max=\dimen196
\pgf@sys@shading@range@num=\count310
\pgf@shadingcount=\count311
)
(c:/latex/texlive/2024/texmf-dist/tex/generic/pgf/basiclayer/pgfcoreimage.code.
tex
File: pgfcoreimage.code.tex 2023-01-15 v3.1.10 (3.1.10)
)
(c:/latex/texlive/2024/texmf-dist/tex/generic/pgf/basiclayer/pgfcoreexternal.co
de.tex
File: pgfcoreexternal.code.tex 2023-01-15 v3.1.10 (3.1.10)
\pgfexternal@startupbox=\box66
)
(c:/latex/texlive/2024/texmf-dist/tex/generic/pgf/basiclayer/pgfcorelayers.code
.tex
File: pgfcorelayers.code.tex 2023-01-15 v3.1.10 (3.1.10)
)
(c:/latex/texlive/2024/texmf-dist/tex/generic/pgf/basiclayer/pgfcoretransparenc
y.code.tex
File: pgfcoretransparency.code.tex 2023-01-15 v3.1.10 (3.1.10)
)
(c:/latex/texlive/2024/texmf-dist/tex/generic/pgf/basiclayer/pgfcorepatterns.co
de.tex
File: pgfcorepatterns.code.tex 2023-01-15 v3.1.10 (3.1.10)
)
(c:/latex/texlive/2024/texmf-dist/tex/generic/pgf/basiclayer/pgfcorerdf.code.te
x
File: pgfcorerdf.code.tex 2023-01-15 v3.1.10 (3.1.10)
)))
(c:/latex/texlive/2024/texmf-dist/tex/generic/pgf/modules/pgfmoduleshapes.code.
tex
File: pgfmoduleshapes.code.tex 2023-01-15 v3.1.10 (3.1.10)
\pgfnodeparttextbox=\box67
)
(c:/latex/texlive/2024/texmf-dist/tex/generic/pgf/modules/pgfmoduleplot.code.te
x
File: pgfmoduleplot.code.tex 2023-01-15 v3.1.10 (3.1.10)
)
(c:/latex/texlive/2024/texmf-dist/tex/latex/pgf/compatibility/pgfcomp-version-0
-65.sty
Package: pgfcomp-version-0-65 2023-01-15 v3.1.10 (3.1.10)
\pgf@nodesepstart=\dimen197
\pgf@nodesepend=\dimen198
)
(c:/latex/texlive/2024/texmf-dist/tex/latex/pgf/compatibility/pgfcomp-version-1
-18.sty
Package: pgfcomp-version-1-18 2023-01-15 v3.1.10 (3.1.10)
)) (c:/latex/texlive/2024/texmf-dist/tex/latex/pgf/utilities/pgffor.sty
(c:/latex/texlive/2024/texmf-dist/tex/latex/pgf/utilities/pgfkeys.sty
(c:/latex/texlive/2024/texmf-dist/tex/generic/pgf/utilities/pgfkeys.code.tex))
(c:/latex/texlive/2024/texmf-dist/tex/latex/pgf/math/pgfmath.sty
(c:/latex/texlive/2024/texmf-dist/tex/generic/pgf/math/pgfmath.code.tex))
(c:/latex/texlive/2024/texmf-dist/tex/generic/pgf/utilities/pgffor.code.tex
Package: pgffor 2023-01-15 v3.1.10 (3.1.10)
\pgffor@iter=\dimen199
\pgffor@skip=\dimen256
\pgffor@stack=\toks38
\pgffor@toks=\toks39
))
(c:/latex/texlive/2024/texmf-dist/tex/generic/pgf/frontendlayer/tikz/tikz.code.
tex
Package: tikz 2023-01-15 v3.1.10 (3.1.10)

(c:/latex/texlive/2024/texmf-dist/tex/generic/pgf/libraries/pgflibraryplothandl
ers.code.tex
File: pgflibraryplothandlers.code.tex 2023-01-15 v3.1.10 (3.1.10)
\pgf@plot@mark@count=\count312
\pgfplotmarksize=\dimen257
)
\tikz@lastx=\dimen258
\tikz@lasty=\dimen259
\tikz@lastxsaved=\dimen260
\tikz@lastysaved=\dimen261
\tikz@lastmovetox=\dimen262
\tikz@lastmovetoy=\dimen263
\tikzleveldistance=\dimen264
\tikzsiblingdistance=\dimen265
\tikz@figbox=\box68
\tikz@figbox@bg=\box69
\tikz@tempbox=\box70
\tikz@tempbox@bg=\box71
\tikztreelevel=\count313
\tikznumberofchildren=\count314
\tikznumberofcurrentchild=\count315
\tikz@fig@count=\count316

(c:/latex/texlive/2024/texmf-dist/tex/generic/pgf/modules/pgfmodulematrix.code.
tex
File: pgfmodulematrix.code.tex 2023-01-15 v3.1.10 (3.1.10)
\pgfmatrixcurrentrow=\count317
\pgfmatrixcurrentcolumn=\count318
\pgf@matrix@numberofcolumns=\count319
)
\tikz@expandcount=\count320

(c:/latex/texlive/2024/texmf-dist/tex/generic/pgf/frontendlayer/tikz/libraries/
tikzlibrarytopaths.code.tex
File: tikzlibrarytopaths.code.tex 2023-01-15 v3.1.10 (3.1.10)
)))
(c:/latex/texlive/2024/texmf-dist/tex/latex/pgfplots/pgfplots.sty
(c:/latex/texlive/2024/texmf-dist/tex/generic/pgfplots/pgfplots.revision.tex)
Package: pgfplots 2021/05/15 v1.18.1 Data Visualization (1.18.1)

(c:/latex/texlive/2024/texmf-dist/tex/generic/pgfplots/pgfplots.code.tex
(c:/latex/texlive/2024/texmf-dist/tex/generic/pgfplots/pgfplotscore.code.tex
\t@pgfplots@toka=\toks40
\t@pgfplots@tokb=\toks41
\t@pgfplots@tokc=\toks42
\pgfplots@tmpa=\dimen266
\c@pgfplots@coordindex=\count321
\c@pgfplots@scanlineindex=\count322

(c:/latex/texlive/2024/texmf-dist/tex/generic/pgfplots/sys/pgfplotssysgeneric.c
ode.tex))
(c:/latex/texlive/2024/texmf-dist/tex/generic/pgfplots/libs/pgfplotslibrary.cod
e.tex)
(c:/latex/texlive/2024/texmf-dist/tex/generic/pgfplots/oldpgfcompatib/pgfplotso
ldpgfsupp_loader.code.tex
(c:/latex/texlive/2024/texmf-dist/tex/generic/pgf/libraries/pgflibraryfpu.code.
tex)
Package pgfplots: loading complementary utilities for your pgf version...
\t@pgf@toka=\toks43
\t@pgf@tokb=\toks44
\t@pgf@tokc=\toks45

(c:/latex/texlive/2024/texmf-dist/tex/generic/pgfplots/oldpgfcompatib/pgfplotso
ldpgfsupp_pgfutil-common-lists.tex))
(c:/latex/texlive/2024/texmf-dist/tex/generic/pgfplots/util/pgfplotsutil.code.t
ex
(c:/latex/texlive/2024/texmf-dist/tex/generic/pgfplots/liststructure/pgfplotsli
ststructure.code.tex)
(c:/latex/texlive/2024/texmf-dist/tex/generic/pgfplots/liststructure/pgfplotsli
ststructureext.code.tex)
(c:/latex/texlive/2024/texmf-dist/tex/generic/pgfplots/liststructure/pgfplotsar
ray.code.tex
\c@pgfplotsarray@tmp=\count323
)
(c:/latex/texlive/2024/texmf-dist/tex/generic/pgfplots/liststructure/pgfplotsma
trix.code.tex)
(c:/latex/texlive/2024/texmf-dist/tex/generic/pgfplots/numtable/pgfplotstablesh
ared.code.tex
\c@pgfplotstable@counta=\count324
\t@pgfplotstable@a=\toks46
)
(c:/latex/texlive/2024/texmf-dist/tex/generic/pgfplots/liststructure/pgfplotsde
que.code.tex)
(c:/latex/texlive/2024/texmf-dist/tex/generic/pgfplots/util/pgfplotsbinary.code
.tex
(c:/latex/texlive/2024/texmf-dist/tex/generic/pgfplots/util/pgfplotsbinary.data
.code.tex))
(c:/latex/texlive/2024/texmf-dist/tex/generic/pgfplots/util/pgfplotsutil.verb.c
ode.tex)
(c:/latex/texlive/2024/texmf-dist/tex/generic/pgfplots/libs/pgflibrarypgfplots.
surfshading.code.tex
\c@pgfplotslibrarysurf@no=\count325

(c:/latex/texlive/2024/texmf-dist/tex/generic/pgfplots/sys/pgflibrarypgfplots.s
urfshading.pgfsys-pdftex.def)))
(c:/latex/texlive/2024/texmf-dist/tex/generic/pgfplots/util/pgfplotscolormap.co
de.tex
(c:/latex/texlive/2024/texmf-dist/tex/generic/pgfplots/util/pgfplotscolor.code.
tex))
(c:/latex/texlive/2024/texmf-dist/tex/generic/pgfplots/pgfplotsstackedplots.cod
e.tex)
(c:/latex/texlive/2024/texmf-dist/tex/generic/pgfplots/pgfplotsplothandlers.cod
e.tex
(c:/latex/texlive/2024/texmf-dist/tex/generic/pgfplots/pgfplotsmeshplothandler.
code.tex
(c:/latex/texlive/2024/texmf-dist/tex/generic/pgfplots/pgfplotsmeshplotimage.co
de.tex)))
(c:/latex/texlive/2024/texmf-dist/tex/generic/pgfplots/pgfplots.scaling.code.te
x)
(c:/latex/texlive/2024/texmf-dist/tex/generic/pgfplots/pgfplotscoordprocessing.
code.tex)
(c:/latex/texlive/2024/texmf-dist/tex/generic/pgfplots/pgfplots.errorbars.code.
tex)
(c:/latex/texlive/2024/texmf-dist/tex/generic/pgfplots/pgfplots.markers.code.te
x)
(c:/latex/texlive/2024/texmf-dist/tex/generic/pgfplots/pgfplotsticks.code.tex)
(c:/latex/texlive/2024/texmf-dist/tex/generic/pgfplots/pgfplots.paths.code.tex)

(c:/latex/texlive/2024/texmf-dist/tex/generic/pgf/frontendlayer/tikz/libraries/
tikzlibrarydecorations.code.tex
(c:/latex/texlive/2024/texmf-dist/tex/generic/pgf/modules/pgfmoduledecorations.
code.tex
\pgfdecoratedcompleteddistance=\dimen267
\pgfdecoratedremainingdistance=\dimen268
\pgfdecoratedinputsegmentcompleteddistance=\dimen269
\pgfdecoratedinputsegmentremainingdistance=\dimen270
\pgf@decorate@distancetomove=\dimen271
\pgf@decorate@repeatstate=\count326
\pgfdecorationsegmentamplitude=\dimen272
\pgfdecorationsegmentlength=\dimen273
)
\tikz@lib@dec@box=\box72
)
(c:/latex/texlive/2024/texmf-dist/tex/generic/pgf/frontendlayer/tikz/libraries/
tikzlibrarydecorations.pathmorphing.code.tex
(c:/latex/texlive/2024/texmf-dist/tex/generic/pgf/libraries/decorations/pgflibr
arydecorations.pathmorphing.code.tex))
(c:/latex/texlive/2024/texmf-dist/tex/generic/pgf/frontendlayer/tikz/libraries/
tikzlibrarydecorations.pathreplacing.code.tex
(c:/latex/texlive/2024/texmf-dist/tex/generic/pgf/libraries/decorations/pgflibr
arydecorations.pathreplacing.code.tex))
(c:/latex/texlive/2024/texmf-dist/tex/generic/pgfplots/libs/tikzlibrarypgfplots
.contourlua.code.tex)
\pgfplots@numplots=\count327
\pgfplots@xmin@reg=\dimen274
\pgfplots@xmax@reg=\dimen275
\pgfplots@ymin@reg=\dimen276
\pgfplots@ymax@reg=\dimen277
\pgfplots@zmin@reg=\dimen278
\pgfplots@zmax@reg=\dimen279
)
(c:/latex/texlive/2024/texmf-dist/tex/generic/pgf/frontendlayer/tikz/libraries/
tikzlibraryplotmarks.code.tex
File: tikzlibraryplotmarks.code.tex 2023-01-15 v3.1.10 (3.1.10)

(c:/latex/texlive/2024/texmf-dist/tex/generic/pgf/libraries/pgflibraryplotmarks
.code.tex
File: pgflibraryplotmarks.code.tex 2023-01-15 v3.1.10 (3.1.10)
))) (c:/latex/texlive/2024/texmf-dist/tex/latex/fancyhdr/fancyhdr.sty
Package: fancyhdr 2024/07/23 v4.3.1 Extensive control of page headers and foote
rs
\f@nch@headwidth=\skip56
\f@nch@O@elh=\skip57
\f@nch@O@erh=\skip58
\f@nch@O@olh=\skip59
\f@nch@O@orh=\skip60
\f@nch@O@elf=\skip61
\f@nch@O@erf=\skip62
\f@nch@O@olf=\skip63
\f@nch@O@orf=\skip64
) (c:/latex/texlive/2024/texmf-dist/tex/latex/mdframed/mdframed.sty
Package: mdframed 2013/07/01 1.9b: mdframed

(c:/latex/texlive/2024/texmf-dist/tex/latex/kvoptions/kvoptions.sty
Package: kvoptions 2022-06-15 v3.15 Key value format for package options (HO)

(c:/latex/texlive/2024/texmf-dist/tex/generic/ltxcmds/ltxcmds.sty
Package: ltxcmds 2023-12-04 v1.26 LaTeX kernel commands for general use (HO)
)
(c:/latex/texlive/2024/texmf-dist/tex/latex/kvsetkeys/kvsetkeys.sty
Package: kvsetkeys 2022-10-05 v1.19 Key value parser (HO)
))
(c:/latex/texlive/2024/texmf-dist/tex/latex/l3packages/xparse/xparse.sty
Package: xparse 2024-05-08 L3 Experimental document command parser
)
(c:/latex/texlive/2024/texmf-dist/tex/latex/etoolbox/etoolbox.sty
Package: etoolbox 2020/10/05 v2.5k e-TeX tools for LaTeX (JAW)
\etb@tempcnta=\count328
)
(c:/latex/texlive/2024/texmf-dist/tex/latex/zref/zref-abspage.sty
Package: zref-abspage 2023-09-14 v2.35 Module abspage for zref (HO)

(c:/latex/texlive/2024/texmf-dist/tex/latex/zref/zref-base.sty
Package: zref-base 2023-09-14 v2.35 Module base for zref (HO)

(c:/latex/texlive/2024/texmf-dist/tex/generic/infwarerr/infwarerr.sty
Package: infwarerr 2019/12/03 v1.5 Providing info/warning/error messages (HO)
)
(c:/latex/texlive/2024/texmf-dist/tex/generic/kvdefinekeys/kvdefinekeys.sty
Package: kvdefinekeys 2019-12-19 v1.6 Define keys (HO)
)
(c:/latex/texlive/2024/texmf-dist/tex/generic/pdftexcmds/pdftexcmds.sty
Package: pdftexcmds 2020-06-27 v0.33 Utility functions of pdfTeX for LuaTeX (HO
)
Package pdftexcmds Info: \pdf@primitive is available.
Package pdftexcmds Info: \pdf@ifprimitive is available.
Package pdftexcmds Info: \pdfdraftmode found.
)
(c:/latex/texlive/2024/texmf-dist/tex/generic/etexcmds/etexcmds.sty
Package: etexcmds 2019/12/15 v1.7 Avoid name clashes with e-TeX commands (HO)
)
(c:/latex/texlive/2024/texmf-dist/tex/latex/auxhook/auxhook.sty
Package: auxhook 2019-12-17 v1.6 Hooks for auxiliary files (HO)
)
Package zref Info: New property list: main on input line 767.
Package zref Info: New property: default on input line 768.
Package zref Info: New property: page on input line 769.
)
\c@abspage=\count329
Package zref Info: New property: abspage on input line 67.
)
(c:/latex/texlive/2024/texmf-dist/tex/latex/needspace/needspace.sty
Package: needspace 2010/09/12 v1.3d reserve vertical space
)
\mdf@templength=\skip65
\c@mdf@globalstyle@cnt=\count330
\mdf@skipabove@length=\skip66
\mdf@skipbelow@length=\skip67
\mdf@leftmargin@length=\skip68
\mdf@rightmargin@length=\skip69
\mdf@innerleftmargin@length=\skip70
\mdf@innerrightmargin@length=\skip71
\mdf@innertopmargin@length=\skip72
\mdf@innerbottommargin@length=\skip73
\mdf@splittopskip@length=\skip74
\mdf@splitbottomskip@length=\skip75
\mdf@outermargin@length=\skip76
\mdf@innermargin@length=\skip77
\mdf@linewidth@length=\skip78
\mdf@innerlinewidth@length=\skip79
\mdf@middlelinewidth@length=\skip80
\mdf@outerlinewidth@length=\skip81
\mdf@roundcorner@length=\skip82
\mdf@footenotedistance@length=\skip83
\mdf@userdefinedwidth@length=\skip84
\mdf@needspace@length=\skip85
\mdf@frametitleaboveskip@length=\skip86
\mdf@frametitlebelowskip@length=\skip87
\mdf@frametitlerulewidth@length=\skip88
\mdf@frametitleleftmargin@length=\skip89
\mdf@frametitlerightmargin@length=\skip90
\mdf@shadowsize@length=\skip91
\mdf@extratopheight@length=\skip92
\mdf@subtitleabovelinewidth@length=\skip93
\mdf@subtitlebelowlinewidth@length=\skip94
\mdf@subtitleaboveskip@length=\skip95
\mdf@subtitlebelowskip@length=\skip96
\mdf@subtitleinneraboveskip@length=\skip97
\mdf@subtitleinnerbelowskip@length=\skip98
\mdf@subsubtitleabovelinewidth@length=\skip99
\mdf@subsubtitlebelowlinewidth@length=\skip100
\mdf@subsubtitleaboveskip@length=\skip101
\mdf@subsubtitlebelowskip@length=\skip102
\mdf@subsubtitleinneraboveskip@length=\skip103
\mdf@subsubtitleinnerbelowskip@length=\skip104

(c:/latex/texlive/2024/texmf-dist/tex/latex/mdframed/md-frame-0.mdf
File: md-frame-0.mdf 2013/07/01\ 1.9b: md-frame-0
)
\mdf@frametitlebox=\box73
\mdf@footnotebox=\box74
\mdf@splitbox@one=\box75
\mdf@splitbox@two=\box76
\mdf@splitbox@save=\box77
\mdfsplitboxwidth=\skip105
\mdfsplitboxtotalwidth=\skip106
\mdfsplitboxheight=\skip107
\mdfsplitboxdepth=\skip108
\mdfsplitboxtotalheight=\skip109
\mdfframetitleboxwidth=\skip110
\mdfframetitleboxtotalwidth=\skip111
\mdfframetitleboxheight=\skip112
\mdfframetitleboxdepth=\skip113
\mdfframetitleboxtotalheight=\skip114
\mdffootnoteboxwidth=\skip115
\mdffootnoteboxtotalwidth=\skip116
\mdffootnoteboxheight=\skip117
\mdffootnoteboxdepth=\skip118
\mdffootnoteboxtotalheight=\skip119
\mdftotallinewidth=\skip120
\mdfboundingboxwidth=\skip121
\mdfboundingboxtotalwidth=\skip122
\mdfboundingboxheight=\skip123
\mdfboundingboxdepth=\skip124
\mdfboundingboxtotalheight=\skip125
\mdf@freevspace@length=\skip126
\mdf@horizontalwidthofbox@length=\skip127
\mdf@verticalmarginwhole@length=\skip128
\mdf@horizontalspaceofbox=\skip129
\mdfsubtitleheight=\skip130
\mdfsubsubtitleheight=\skip131
\c@mdfcountframes=\count331

****** mdframed patching \endmdf@trivlist

****** -- success******

\mdf@envdepth=\count332
\c@mdf@env@i=\count333
\c@mdf@env@ii=\count334
\c@mdf@zref@counter=\count335
Package zref Info: New property: mdf@pagevalue on input line 895.
)
(c:/latex/texlive/2024/texmf-dist/tex/latex/caption/caption.sty
Package: caption 2023/08/05 v3.6o Customizing captions (AR)

(c:/latex/texlive/2024/texmf-dist/tex/latex/caption/caption3.sty
Package: caption3 2023/07/31 v2.4d caption3 kernel (AR)
\caption@tempdima=\dimen280
\captionmargin=\dimen281
\caption@leftmargin=\dimen282
\caption@rightmargin=\dimen283
\caption@width=\dimen284
\caption@indent=\dimen285
\caption@parindent=\dimen286
\caption@hangindent=\dimen287
Package caption Info: Standard document class detected.
)
\c@caption@flags=\count336
\c@continuedfloat=\count337
Package caption Info: float package is loaded.
Package caption Info: listings package is loaded.
)
(c:/latex/texlive/2024/texmf-dist/tex/latex/booktabs/booktabs.sty
Package: booktabs 2020/01/12 v1.61803398 Publication quality tables
\heavyrulewidth=\dimen288
\lightrulewidth=\dimen289
\cmidrulewidth=\dimen290
\belowrulesep=\dimen291
\belowbottomsep=\dimen292
\aboverulesep=\dimen293
\abovetopsep=\dimen294
\cmidrulesep=\dimen295
\cmidrulekern=\dimen296
\defaultaddspace=\dimen297
\@cmidla=\count338
\@cmidlb=\count339
\@aboverulesep=\dimen298
\@belowrulesep=\dimen299
\@thisruleclass=\count340
\@lastruleclass=\count341
\@thisrulewidth=\dimen300
)
(c:/latex/texlive/2024/texmf-dist/tex/latex/makecell/makecell.sty
Package: makecell 2009/08/03 V0.1e Managing of Tab Column Heads and Cells

(c:/latex/texlive/2024/texmf-dist/tex/latex/tools/array.sty
Package: array 2024/06/14 v2.6d Tabular extension package (FMi)
\col@sep=\dimen301
\ar@mcellbox=\box78
\extrarowheight=\dimen302
\NC@list=\toks47
\extratabsurround=\skip132
\backup@length=\skip133
\ar@cellbox=\box79
)
\rotheadsize=\dimen303
\c@nlinenum=\count342
\TeXr@lab=\toks48
)
(c:/latex/texlive/2024/texmf-dist/tex/latex/amscls/amsthm.sty
Package: amsthm 2020/05/29 v2.20.6
\thm@style=\toks49
\thm@bodyfont=\toks50
\thm@headfont=\toks51
\thm@notefont=\toks52
\thm@headpunct=\toks53
\thm@preskip=\skip134
\thm@postskip=\skip135
\thm@headsep=\skip136
\dth@everypar=\toks54
)
(c:/latex/texlive/2024/texmf-dist/tex/latex/hyperref/hyperref.sty
Package: hyperref 2024-07-10 v7.01j Hypertext links for LaTeX

(c:/latex/texlive/2024/texmf-dist/tex/generic/pdfescape/pdfescape.sty
Package: pdfescape 2019/12/09 v1.15 Implements pdfTeX's escape features (HO)
)
(c:/latex/texlive/2024/texmf-dist/tex/latex/hycolor/hycolor.sty
Package: hycolor 2020-01-27 v1.10 Color options for hyperref/bookmark (HO)
)
(c:/latex/texlive/2024/texmf-dist/tex/latex/hyperref/nameref.sty
Package: nameref 2023-11-26 v2.56 Cross-referencing by name of section

(c:/latex/texlive/2024/texmf-dist/tex/latex/refcount/refcount.sty
Package: refcount 2019/12/15 v3.6 Data extraction from label references (HO)
)
(c:/latex/texlive/2024/texmf-dist/tex/generic/gettitlestring/gettitlestring.sty
Package: gettitlestring 2019/12/15 v1.6 Cleanup title references (HO)
)
\c@section@level=\count343
) (c:/latex/texlive/2024/texmf-dist/tex/generic/stringenc/stringenc.sty
Package: stringenc 2019/11/29 v1.12 Convert strings between diff. encodings (HO
)
)
\@linkdim=\dimen304
\Hy@linkcounter=\count344
\Hy@pagecounter=\count345

(c:/latex/texlive/2024/texmf-dist/tex/latex/hyperref/pd1enc.def
File: pd1enc.def 2024-07-10 v7.01j Hyperref: PDFDocEncoding definition (HO)
Now handling font encoding PD1 ...
... no UTF-8 mapping file for font encoding PD1
)
(c:/latex/texlive/2024/texmf-dist/tex/generic/intcalc/intcalc.sty
Package: intcalc 2019/12/15 v1.3 Expandable calculations with integers (HO)
)
\Hy@SavedSpaceFactor=\count346

(c:/latex/texlive/2024/texmf-dist/tex/latex/hyperref/puenc.def
File: puenc.def 2024-07-10 v7.01j Hyperref: PDF Unicode definition (HO)
Now handling font encoding PU ...
... no UTF-8 mapping file for font encoding PU
)
Package hyperref Info: Option `unicode' set `true' on input line 4040.
Package hyperref Info: Hyper figures OFF on input line 4157.
Package hyperref Info: Link nesting OFF on input line 4162.
Package hyperref Info: Hyper index ON on input line 4165.
Package hyperref Info: Plain pages OFF on input line 4172.
Package hyperref Info: Backreferencing OFF on input line 4177.
Package hyperref Info: Implicit mode ON; LaTeX internals redefined.
Package hyperref Info: Bookmarks ON on input line 4424.
\c@Hy@tempcnt=\count347

(c:/latex/texlive/2024/texmf-dist/tex/latex/url/url.sty
\Urlmuskip=\muskip18
Package: url 2013/09/16  ver 3.4  Verb mode for urls, etc.
)
LaTeX Info: Redefining \url on input line 4763.
\XeTeXLinkMargin=\dimen305

(c:/latex/texlive/2024/texmf-dist/tex/generic/bitset/bitset.sty
Package: bitset 2019/12/09 v1.3 Handle bit-vector datatype (HO)

(c:/latex/texlive/2024/texmf-dist/tex/generic/bigintcalc/bigintcalc.sty
Package: bigintcalc 2019/12/15 v1.5 Expandable calculations on big integers (HO
)
))
\Fld@menulength=\count348
\Field@Width=\dimen306
\Fld@charsize=\dimen307
Package hyperref Info: Hyper figures OFF on input line 6042.
Package hyperref Info: Link nesting OFF on input line 6047.
Package hyperref Info: Hyper index ON on input line 6050.
Package hyperref Info: backreferencing OFF on input line 6057.
Package hyperref Info: Link coloring OFF on input line 6062.
Package hyperref Info: Link coloring with OCG OFF on input line 6067.
Package hyperref Info: PDF/A mode OFF on input line 6072.

(c:/latex/texlive/2024/texmf-dist/tex/latex/base/atbegshi-ltx.sty
Package: atbegshi-ltx 2021/01/10 v1.0c Emulation of the original atbegshi
package with kernel methods
)
\Hy@abspage=\count349
\c@Item=\count350
\c@Hfootnote=\count351
)
Package hyperref Info: Driver (autodetected): hpdftex.

(c:/latex/texlive/2024/texmf-dist/tex/latex/hyperref/hpdftex.def
File: hpdftex.def 2024-07-10 v7.01j Hyperref driver for pdfTeX

(c:/latex/texlive/2024/texmf-dist/tex/latex/base/atveryend-ltx.sty
Package: atveryend-ltx 2020/08/19 v1.0a Emulation of the original atveryend pac
kage
with kernel methods
)
\HyAnn@Count=\count352
\Fld@listcount=\count353
\c@bookmark@seq@number=\count354

(c:/latex/texlive/2024/texmf-dist/tex/latex/rerunfilecheck/rerunfilecheck.sty
Package: rerunfilecheck 2022-07-10 v1.10 Rerun checks for auxiliary files (HO)

(c:/latex/texlive/2024/texmf-dist/tex/generic/uniquecounter/uniquecounter.sty
Package: uniquecounter 2019/12/15 v1.4 Provide unlimited unique counter (HO)
)
Package uniquecounter Info: New unique counter `rerunfilecheck' on input line 2
85.
)
\Hy@SectionHShift=\skip137
) (c:/latex/texlive/2024/texmf-dist/tex/latex/caption/subcaption.sty
Package: subcaption 2023/07/28 v1.6b Sub-captions (AR)
Package caption Info: New subtype `subfigure' on input line 238.
\c@subfigure=\count355
Package caption Info: New subtype `subtable' on input line 238.
\c@subtable=\count356
)
(c:/latex/texlive/2024/texmf-dist/tex/latex/tools/afterpage.sty
Package: afterpage 2023/07/04 v1.08 After-Page Package (DPC)
\AP@output=\toks55
\AP@partial=\box80
\AP@footins=\box81
)
(c:/latex/texlive/2024/texmf-dist/tex/latex/geometry/geometry.sty
Package: geometry 2020/01/02 v5.9 Page Geometry

(c:/latex/texlive/2024/texmf-dist/tex/generic/iftex/ifvtex.sty
Package: ifvtex 2019/10/25 v1.7 ifvtex legacy package. Use iftex instead.
)
\Gm@cnth=\count357
\Gm@cntv=\count358
\c@Gm@tempcnt=\count359
\Gm@bindingoffset=\dimen308
\Gm@wd@mp=\dimen309
\Gm@odd@mp=\dimen310
\Gm@even@mp=\dimen311
\Gm@layoutwidth=\dimen312
\Gm@layoutheight=\dimen313
\Gm@layouthoffset=\dimen314
\Gm@layoutvoffset=\dimen315
\Gm@dimlist=\toks56
)
(c:/latex/texlive/2024/texmf-dist/tex/latex/cjk/texinput/UTF8/UTF8.enc
File: UTF8.enc 2021/10/16 4.8.5
)
(c:/latex/texlive/2024/texmf-dist/tex/latex/cjk/texinput/UTF8/UTF8.chr
File: UTF8.chr 2021/10/16 4.8.5
)
(./於佳杰的LATEX.aux)
\openout1 = `於佳杰的LATEX.aux'.

LaTeX Font Info:    Checking defaults for OML/cmm/m/it on input line 25.
LaTeX Font Info:    ... okay on input line 25.
LaTeX Font Info:    Checking defaults for OMS/cmsy/m/n on input line 25.
LaTeX Font Info:    ... okay on input line 25.
LaTeX Font Info:    Checking defaults for OT1/cmr/m/n on input line 25.
LaTeX Font Info:    ... okay on input line 25.
LaTeX Font Info:    Checking defaults for T1/cmr/m/n on input line 25.
LaTeX Font Info:    ... okay on input line 25.
LaTeX Font Info:    Checking defaults for TS1/cmr/m/n on input line 25.
LaTeX Font Info:    ... okay on input line 25.
LaTeX Font Info:    Checking defaults for OMX/cmex/m/n on input line 25.
LaTeX Font Info:    ... okay on input line 25.
LaTeX Font Info:    Checking defaults for U/cmr/m/n on input line 25.
LaTeX Font Info:    ... okay on input line 25.
LaTeX Font Info:    Checking defaults for C00/song/m/n on input line 25.
LaTeX Font Info:    ... okay on input line 25.
LaTeX Font Info:    Checking defaults for C05/song/m/n on input line 25.
LaTeX Font Info:    ... okay on input line 25.
LaTeX Font Info:    Checking defaults for C09/song/m/n on input line 25.
LaTeX Font Info:    ... okay on input line 25.
LaTeX Font Info:    Checking defaults for C10/song/m/n on input line 25.
LaTeX Font Info:    ... okay on input line 25.
LaTeX Font Info:    Checking defaults for C20/song/m/n on input line 25.
LaTeX Font Info:    ... okay on input line 25.
LaTeX Font Info:    Checking defaults for C19/song/m/n on input line 25.
LaTeX Font Info:    ... okay on input line 25.
LaTeX Font Info:    Checking defaults for C40/song/m/n on input line 25.
LaTeX Font Info:    ... okay on input line 25.
LaTeX Font Info:    Checking defaults for C42/song/m/n on input line 25.
LaTeX Font Info:    ... okay on input line 25.
LaTeX Font Info:    Checking defaults for C43/song/m/n on input line 25.
LaTeX Font Info:    ... okay on input line 25.
LaTeX Font Info:    Checking defaults for C50/song/m/n on input line 25.
LaTeX Font Info:    ... okay on input line 25.
LaTeX Font Info:    Checking defaults for C52/song/m/n on input line 25.
LaTeX Font Info:    ... okay on input line 25.
LaTeX Font Info:    Checking defaults for C49/song/m/n on input line 25.
LaTeX Font Info:    ... okay on input line 25.
LaTeX Font Info:    Checking defaults for C60/mj/m/n on input line 25.
LaTeX Font Info:    ... okay on input line 25.
LaTeX Font Info:    Checking defaults for C61/mj/m/n on input line 25.
LaTeX Font Info:    ... okay on input line 25.
LaTeX Font Info:    Checking defaults for C63/mj/m/n on input line 25.
LaTeX Font Info:    ... okay on input line 25.
LaTeX Font Info:    Checking defaults for C64/mj/m/n on input line 25.
LaTeX Font Info:    ... okay on input line 25.
LaTeX Font Info:    Checking defaults for C65/mj/m/n on input line 25.
LaTeX Font Info:    ... okay on input line 25.
LaTeX Font Info:    Checking defaults for C70/song/m/n on input line 25.
LaTeX Font Info:    ... okay on input line 25.
LaTeX Font Info:    Checking defaults for C31/song/m/n on input line 25.
LaTeX Font Info:    ... okay on input line 25.
LaTeX Font Info:    Checking defaults for C32/song/m/n on input line 25.
LaTeX Font Info:    ... okay on input line 25.
LaTeX Font Info:    Checking defaults for C33/song/m/n on input line 25.
LaTeX Font Info:    ... okay on input line 25.
LaTeX Font Info:    Checking defaults for C34/song/m/n on input line 25.
LaTeX Font Info:    ... okay on input line 25.
LaTeX Font Info:    Checking defaults for C35/song/m/n on input line 25.
LaTeX Font Info:    ... okay on input line 25.
LaTeX Font Info:    Checking defaults for C36/song/m/n on input line 25.
LaTeX Font Info:    ... okay on input line 25.
LaTeX Font Info:    Checking defaults for C37/song/m/n on input line 25.
LaTeX Font Info:    ... okay on input line 25.
LaTeX Font Info:    Checking defaults for C80/song/m/n on input line 25.
LaTeX Font Info:    ... okay on input line 25.
LaTeX Font Info:    Checking defaults for C81/song/m/n on input line 25.
LaTeX Font Info:    ... okay on input line 25.
LaTeX Font Info:    Checking defaults for C01/song/m/n on input line 25.
LaTeX Font Info:    ... okay on input line 25.
LaTeX Font Info:    Checking defaults for C11/song/m/n on input line 25.
LaTeX Font Info:    ... okay on input line 25.
LaTeX Font Info:    Checking defaults for C21/song/m/n on input line 25.
LaTeX Font Info:    ... okay on input line 25.
LaTeX Font Info:    Checking defaults for C41/song/m/n on input line 25.
LaTeX Font Info:    ... okay on input line 25.
LaTeX Font Info:    Checking defaults for C62/song/m/n on input line 25.
LaTeX Font Info:    ... okay on input line 25.
LaTeX Font Info:    Checking defaults for PD1/pdf/m/n on input line 25.
LaTeX Font Info:    ... okay on input line 25.
LaTeX Font Info:    Checking defaults for PU/pdf/m/n on input line 25.
LaTeX Font Info:    ... okay on input line 25.

(c:/latex/texlive/2024/texmf-dist/tex/context/base/mkii/supp-pdf.mkii
[Loading MPS to PDF converter (version 2006.09.02).]
\scratchcounter=\count360
\scratchdimen=\dimen316
\scratchbox=\box82
\nofMPsegments=\count361
\nofMParguments=\count362
\everyMPshowfont=\toks57
\MPscratchCnt=\count363
\MPscratchDim=\dimen317
\MPnumerator=\count364
\makeMPintoPDFobject=\count365
\everyMPtoPDFconversion=\toks58
) (c:/latex/texlive/2024/texmf-dist/tex/latex/epstopdf-pkg/epstopdf-base.sty
Package: epstopdf-base 2020-01-24 v2.11 Base part for package epstopdf
Package epstopdf-base Info: Redefining graphics rule for `.eps' on input line 4
85.

(c:/latex/texlive/2024/texmf-dist/tex/latex/latexconfig/epstopdf-sys.cfg
File: epstopdf-sys.cfg 2010/07/13 v1.3 Configuration of (r)epstopdf for TeX Liv
e
))
\c@lstlisting=\count366


Package pgfplots Warning: running in backwards compatibility mode (unsuitable t
ick labels; missing features). Consider writing \pgfplotsset{compat=1.18} into 
your preamble.
 on input line 25.

Package caption Info: Begin \AtBeginDocument code.
Package caption Info: hyperref package is loaded.
Package caption Info: End \AtBeginDocument code.
Package hyperref Info: Link coloring OFF on input line 25.
(./於佳杰的LATEX.out) (./於佳杰的LATEX.out)
\@outlinefile=\write4
\openout4 = `於佳杰的LATEX.out'.


*geometry* driver: auto-detecting
*geometry* detected driver: pdftex
*geometry* verbose mode - [ preamble ] result:
* driver: pdftex
* paper: <default>
* layout: <same size as paper>
* layoutoffset:(h,v)=(0.0pt,0.0pt)
* modes: 
* h-part:(L,W,R)=(71.13188pt, 472.03123pt, 71.13188pt)
* v-part:(T,H,B)=(71.13188pt, 652.70622pt, 71.13188pt)
* \paperwidth=614.295pt
* \paperheight=794.96999pt
* \textwidth=472.03123pt
* \textheight=652.70622pt
* \oddsidemargin=-1.1381pt
* \evensidemargin=-1.1381pt
* \topmargin=-38.1381pt
* \headheight=12.0pt
* \headsep=25.0pt
* \topskip=10.0pt
* \footskip=30.0pt
* \marginparwidth=65.0pt
* \marginparsep=11.0pt
* \columnsep=10.0pt
* \skip\footins=9.0pt plus 4.0pt minus 2.0pt
* \hoffset=0.0pt
* \voffset=0.0pt
* \mag=1000
* \@twocolumnfalse
* \@twosidefalse
* \@mparswitchfalse
* \@reversemarginfalse
* (1in=72.27pt=25.4mm, 1cm=28.453pt)

<o.png, id=167, 1007.765pt x 654.445pt>
File: o.png Graphic file (type png)
<use o.png>
Package pdftex.def Info: o.png  used on input line 30.
(pdftex.def)             Requested size: 472.03123pt x 306.54066pt.
LaTeX Font Info:    Trying to load font information for C70+rm on input line 35
.
(c:/latex/texlive/2024/texmf-dist/tex/latex/ctex/fd/c70rm.fd
File: c70rm.fd 2022/07/14 v2.5.10 Chinese font definition (CTEX)
)


(c:/latex/texlive/2024/texmf-dist/tex/generic/ctex/zhmap/ctex-zhmap-windows.tex
File: ctex-zhmap-windows.tex 2022/07/14 v2.5.10 Windows font map loader for pdf
TeX and DVIPDFMx (CTEX)
{c:/latex/texlive/2024/texmf-var/fonts/map/pdftex/updmap/pdftex.map}{UGBK.sfd}{
Unicode.sfd}) [1

 <./o.png>] (./於佳杰的LATEX.toc

LaTeX Font Warning: Font shape `OMX/cmex/m/n' in size <10.53937> not available
(Font)              size <10.95> substituted on input line 3.

Package CJKpunct Info: use punctuation spaces for family 'rm' with punctstyle (
quanjiao) on input line 4.



pdfTeX warning (ext4): destination with the same identifier (name{page.1}) has 
been already used, duplicate ignored
<to be read again> 
                   \relax 
l.30 ...与代码补全}{29}{subsubsection.2.2.10}
                                                  % [1])
\tf@toc=\write5
\openout5 = `於佳杰的LATEX.toc'.



[2]
<1.png, id=342, 490.08093pt x 183.30984pt>
File: 1.png Graphic file (type png)
<use 1.png>
Package pdftex.def Info: 1.png  used on input line 97.
(pdftex.def)             Requested size: 472.03123pt x 176.56282pt.


<okkl.jpg, id=348, 1047.915pt x 262.9825pt>
File: okkl.jpg Graphic file (type jpg)
<use okkl.jpg>
Package pdftex.def Info: okkl.jpg  used on input line 110.
(pdftex.def)             Requested size: 42.67912pt x 10.71011pt.

Package fancyhdr Warning: \headheight is too small (12.0pt): 
(fancyhdr)                Make it at least 14.50432pt, for example:
(fancyhdr)                \setlength{\headheight}{14.50432pt}.
(fancyhdr)                You might also make \topmargin smaller to compensate:

(fancyhdr)                \addtolength{\topmargin}{-2.50432pt}.


pdfTeX warning (ext4): destination with the same identifier (name{page.1}) has 
been already used, duplicate ignored
<to be read again> 
                   \relax 
l.110   \begin{verbatim}
                         [1{c:/latex/texlive/2024/texmf-dist/fonts/enc/dvips/cm
-super/cm-super-ts1.enc} <./okkl.jpg> <./1.png>]
LaTeX Font Info:    Trying to load font information for C70+zhfs on input line 
142.

(c:/latex/texlive/2024/texmf-dist/tex/latex/zhmetrics/c70zhfs.fd
File: c70zhfs.fd 2009/09/23 4.8.2
)
Package CJKpunct Info: use punctuation spaces for family 'zhfs' with punctstyle
 (quanjiao) on input line 142.
<2.png, id=384, 592.83984pt x 287.19797pt>
File: 2.png Graphic file (type png)
<use 2.png>
Package pdftex.def Info: 2.png  used on input line 147.
(pdftex.def)             Requested size: 472.03123pt x 228.68063pt.
<3.png, id=385, 521.32266pt x 136.63547pt>
File: 3.png Graphic file (type png)
<use 3.png>
Package pdftex.def Info: 3.png  used on input line 148.
(pdftex.def)             Requested size: 472.03123pt x 123.71715pt.


File: okkl.jpg Graphic file (type jpg)
<use okkl.jpg>
Package pdftex.def Info: okkl.jpg  used on input line 152.
(pdftex.def)             Requested size: 42.67912pt x 10.71011pt.

Package fancyhdr Warning: \headheight is too small (12.0pt): 
(fancyhdr)                Make it at least 14.50432pt, for example:
(fancyhdr)                \setlength{\headheight}{14.50432pt}.
(fancyhdr)                You might also make \topmargin smaller to compensate:

(fancyhdr)                \addtolength{\topmargin}{-2.50432pt}.


pdfTeX warning (ext4): destination with the same identifier (name{page.2}) has 
been already used, duplicate ignored
<to be read again> 
                   \relax 
l.152 \end{itemize}
                    [2]
<4.png, id=424, 597.73312pt x 59.84859pt>
File: 4.png Graphic file (type png)
<use 4.png>
Package pdftex.def Info: 4.png  used on input line 175.
(pdftex.def)             Requested size: 472.03123pt x 47.26341pt.


File: okkl.jpg Graphic file (type jpg)
<use okkl.jpg>
Package pdftex.def Info: okkl.jpg  used on input line 179.
(pdftex.def)             Requested size: 42.67912pt x 10.71011pt.

Package fancyhdr Warning: \headheight is too small (12.0pt): 
(fancyhdr)                Make it at least 14.50432pt, for example:
(fancyhdr)                \setlength{\headheight}{14.50432pt}.
(fancyhdr)                You might also make \topmargin smaller to compensate:

(fancyhdr)                \addtolength{\topmargin}{-2.50432pt}.

[3 <./2.png> <./3.png>]
<5.png, id=436, 436.25484pt x 152.82094pt>
File: 5.png Graphic file (type png)
<use 5.png>
Package pdftex.def Info: 5.png  used on input line 218.
(pdftex.def)             Requested size: 472.03123pt x 165.35426pt.


File: okkl.jpg Graphic file (type jpg)
<use okkl.jpg>
Package pdftex.def Info: okkl.jpg  used on input line 222.
(pdftex.def)             Requested size: 42.67912pt x 10.71011pt.

Package fancyhdr Warning: \headheight is too small (12.0pt): 
(fancyhdr)                Make it at least 14.50432pt, for example:
(fancyhdr)                \setlength{\headheight}{14.50432pt}.
(fancyhdr)                You might also make \topmargin smaller to compensate:

(fancyhdr)                \addtolength{\topmargin}{-2.50432pt}.

[4 <./4.png>]
Overfull \hbox (6.5515pt too wide) in paragraph at lines 267--267
 []\OT1/cmtt/m/n/10.53937 mysqldump -h "$DB_HOST" -u "$DB_USER" -p"$DB_PASS" "$
DB_NAME" > "$BACKUP_FILE"[] 
 []



File: okkl.jpg Graphic file (type jpg)
<use okkl.jpg>
Package pdftex.def Info: okkl.jpg  used on input line 267.
(pdftex.def)             Requested size: 42.67912pt x 10.71011pt.

Package fancyhdr Warning: \headheight is too small (12.0pt): 
(fancyhdr)                Make it at least 14.50432pt, for example:
(fancyhdr)                \setlength{\headheight}{14.50432pt}.
(fancyhdr)                You might also make \topmargin smaller to compensate:

(fancyhdr)                \addtolength{\topmargin}{-2.50432pt}.

[5 <./5.png>]
<6.png, id=457, 395.60297pt x 92.21953pt>
File: 6.png Graphic file (type png)
<use 6.png>
Package pdftex.def Info: 6.png  used on input line 272.
(pdftex.def)             Requested size: 472.03123pt x 110.03809pt.


File: okkl.jpg Graphic file (type jpg)
<use okkl.jpg>
Package pdftex.def Info: okkl.jpg  used on input line 319.
(pdftex.def)             Requested size: 42.67912pt x 10.71011pt.

Package fancyhdr Warning: \headheight is too small (12.0pt): 
(fancyhdr)                Make it at least 14.50432pt, for example:
(fancyhdr)                \setlength{\headheight}{14.50432pt}.
(fancyhdr)                You might also make \topmargin smaller to compensate:

(fancyhdr)                \addtolength{\topmargin}{-2.50432pt}.

[6 <./6.png>]
<7.png, id=471, 583.05328pt x 93.34875pt>
File: 7.png Graphic file (type png)
<use 7.png>
Package pdftex.def Info: 7.png  used on input line 324.
(pdftex.def)             Requested size: 472.03123pt x 75.57503pt.


File: okkl.jpg Graphic file (type jpg)
<use okkl.jpg>
Package pdftex.def Info: okkl.jpg  used on input line 366.
(pdftex.def)             Requested size: 42.67912pt x 10.71011pt.

Package fancyhdr Warning: \headheight is too small (12.0pt): 
(fancyhdr)                Make it at least 14.50432pt, for example:
(fancyhdr)                \setlength{\headheight}{14.50432pt}.
(fancyhdr)                You might also make \topmargin smaller to compensate:

(fancyhdr)                \addtolength{\topmargin}{-2.50432pt}.

[7 <./7.png>]
<8.png, id=486, 462.22687pt x 90.71391pt>
File: 8.png Graphic file (type png)
<use 8.png>
Package pdftex.def Info: 8.png  used on input line 371.
(pdftex.def)             Requested size: 472.03123pt x 92.63907pt.


File: okkl.jpg Graphic file (type jpg)
<use okkl.jpg>
Package pdftex.def Info: okkl.jpg  used on input line 413.
(pdftex.def)             Requested size: 42.67912pt x 10.71011pt.

Package fancyhdr Warning: \headheight is too small (12.0pt): 
(fancyhdr)                Make it at least 14.50432pt, for example:
(fancyhdr)                \setlength{\headheight}{14.50432pt}.
(fancyhdr)                You might also make \topmargin smaller to compensate:

(fancyhdr)                \addtolength{\topmargin}{-2.50432pt}.

[8 <./8.png>]
<9.png, id=494, 552.94078pt x 86.94984pt>
File: 9.png Graphic file (type png)
<use 9.png>
Package pdftex.def Info: 9.png  used on input line 418.
(pdftex.def)             Requested size: 472.03123pt x 74.22612pt.


File: okkl.jpg Graphic file (type jpg)
<use okkl.jpg>
Package pdftex.def Info: okkl.jpg  used on input line 466.
(pdftex.def)             Requested size: 42.67912pt x 10.71011pt.

Package fancyhdr Warning: \headheight is too small (12.0pt): 
(fancyhdr)                Make it at least 14.50432pt, for example:
(fancyhdr)                \setlength{\headheight}{14.50432pt}.
(fancyhdr)                You might also make \topmargin smaller to compensate:

(fancyhdr)                \addtolength{\topmargin}{-2.50432pt}.

[9 <./9.png>]
<10.png, id=508, 364.36125pt x 83.18578pt>
File: 10.png Graphic file (type png)
<use 10.png>
Package pdftex.def Info: 10.png  used on input line 471.
(pdftex.def)             Requested size: 472.03123pt x 107.77211pt.


File: okkl.jpg Graphic file (type jpg)
<use okkl.jpg>
Package pdftex.def Info: okkl.jpg  used on input line 475.
(pdftex.def)             Requested size: 42.67912pt x 10.71011pt.

Package fancyhdr Warning: \headheight is too small (12.0pt): 
(fancyhdr)                Make it at least 14.50432pt, for example:
(fancyhdr)                \setlength{\headheight}{14.50432pt}.
(fancyhdr)                You might also make \topmargin smaller to compensate:

(fancyhdr)                \addtolength{\topmargin}{-2.50432pt}.

[10]

File: okkl.jpg Graphic file (type jpg)
<use okkl.jpg>
Package pdftex.def Info: okkl.jpg  used on input line 512.
(pdftex.def)             Requested size: 42.67912pt x 10.71011pt.

Package fancyhdr Warning: \headheight is too small (12.0pt): 
(fancyhdr)                Make it at least 14.50432pt, for example:
(fancyhdr)                \setlength{\headheight}{14.50432pt}.
(fancyhdr)                You might also make \topmargin smaller to compensate:

(fancyhdr)                \addtolength{\topmargin}{-2.50432pt}.

[11 <./10.png>]
<11.png, id=531, 594.34547pt x 341.77687pt>
File: 11.png Graphic file (type png)
<use 11.png>
Package pdftex.def Info: 11.png  used on input line 517.
(pdftex.def)             Requested size: 472.03123pt x 271.44012pt.
<111.png, id=532, 584.5589pt x 351.56343pt>
File: 111.png Graphic file (type png)
<use 111.png>
Package pdftex.def Info: 111.png  used on input line 526.
(pdftex.def)             Requested size: 472.03123pt x 283.89577pt.


File: okkl.jpg Graphic file (type jpg)
<use okkl.jpg>
Package pdftex.def Info: okkl.jpg  used on input line 530.
(pdftex.def)             Requested size: 42.67912pt x 10.71011pt.

Package fancyhdr Warning: \headheight is too small (12.0pt): 
(fancyhdr)                Make it at least 14.50432pt, for example:
(fancyhdr)                \setlength{\headheight}{14.50432pt}.
(fancyhdr)                You might also make \topmargin smaller to compensate:

(fancyhdr)                \addtolength{\topmargin}{-2.50432pt}.

[12 <./11.png>]

File: okkl.jpg Graphic file (type jpg)
<use okkl.jpg>
Package pdftex.def Info: okkl.jpg  used on input line 563.
(pdftex.def)             Requested size: 42.67912pt x 10.71011pt.

Package fancyhdr Warning: \headheight is too small (12.0pt): 
(fancyhdr)                Make it at least 14.50432pt, for example:
(fancyhdr)                \setlength{\headheight}{14.50432pt}.
(fancyhdr)                You might also make \topmargin smaller to compensate:

(fancyhdr)                \addtolength{\topmargin}{-2.50432pt}.

[13 <./111.png>]
<12.png, id=549, 581.17125pt x 84.315pt>
File: 12.png Graphic file (type png)
<use 12.png>
Package pdftex.def Info: 12.png  used on input line 568.
(pdftex.def)             Requested size: 472.03123pt x 68.48259pt.


File: okkl.jpg Graphic file (type jpg)
<use okkl.jpg>
Package pdftex.def Info: okkl.jpg  used on input line 605.
(pdftex.def)             Requested size: 42.67912pt x 10.71011pt.

Package fancyhdr Warning: \headheight is too small (12.0pt): 
(fancyhdr)                Make it at least 14.50432pt, for example:
(fancyhdr)                \setlength{\headheight}{14.50432pt}.
(fancyhdr)                You might also make \topmargin smaller to compensate:

(fancyhdr)                \addtolength{\topmargin}{-2.50432pt}.

[14 <./12.png>]
<13.png, id=559, 580.04204pt x 195.35484pt>
File: 13.png Graphic file (type png)
<use 13.png>
Package pdftex.def Info: 13.png  used on input line 610.
(pdftex.def)             Requested size: 472.03123pt x 158.97878pt.
<14.png, id=561, 516.42938pt x 147.55125pt>
File: 14.png Graphic file (type png)
<use 14.png>
Package pdftex.def Info: 14.png  used on input line 633.
(pdftex.def)             Requested size: 472.03123pt x 134.87071pt.


File: okkl.jpg Graphic file (type jpg)
<use okkl.jpg>
Package pdftex.def Info: okkl.jpg  used on input line 645.
(pdftex.def)             Requested size: 42.67912pt x 10.71011pt.

Package fancyhdr Warning: \headheight is too small (12.0pt): 
(fancyhdr)                Make it at least 14.50432pt, for example:
(fancyhdr)                \setlength{\headheight}{14.50432pt}.
(fancyhdr)                You might also make \topmargin smaller to compensate:

(fancyhdr)                \addtolength{\topmargin}{-2.50432pt}.

[15 <./13.png> <./14.png>]
<15.png, id=572, 585.31172pt x 351.56343pt>
File: 15.png Graphic file (type png)
<use 15.png>
Package pdftex.def Info: 15.png  used on input line 656.
(pdftex.def)             Requested size: 472.03123pt x 283.53099pt.
<151.png, id=573, 595.47469pt x 353.06906pt>
File: 151.png Graphic file (type png)
<use 151.png>
Package pdftex.def Info: 151.png  used on input line 664.
(pdftex.def)             Requested size: 472.03123pt x 279.87506pt.


File: okkl.jpg Graphic file (type jpg)
<use okkl.jpg>
Package pdftex.def Info: okkl.jpg  used on input line 668.
(pdftex.def)             Requested size: 42.67912pt x 10.71011pt.

Package fancyhdr Warning: \headheight is too small (12.0pt): 
(fancyhdr)                Make it at least 14.50432pt, for example:
(fancyhdr)                \setlength{\headheight}{14.50432pt}.
(fancyhdr)                You might also make \topmargin smaller to compensate:

(fancyhdr)                \addtolength{\topmargin}{-2.50432pt}.

[16 <./15.png>]
<16.png, id=583, 386.94562pt x 137.38828pt>
File: 16.png Graphic file (type png)
<use 16.png>
Package pdftex.def Info: 16.png  used on input line 687.
(pdftex.def)             Requested size: 472.03123pt x 167.60085pt.


File: okkl.jpg Graphic file (type jpg)
<use okkl.jpg>
Package pdftex.def Info: okkl.jpg  used on input line 691.
(pdftex.def)             Requested size: 42.67912pt x 10.71011pt.

Package fancyhdr Warning: \headheight is too small (12.0pt): 
(fancyhdr)                Make it at least 14.50432pt, for example:
(fancyhdr)                \setlength{\headheight}{14.50432pt}.
(fancyhdr)                You might also make \topmargin smaller to compensate:

(fancyhdr)                \addtolength{\topmargin}{-2.50432pt}.

[17 <./151.png>]

File: okkl.jpg Graphic file (type jpg)
<use okkl.jpg>
Package pdftex.def Info: okkl.jpg  used on input line 724.
(pdftex.def)             Requested size: 42.67912pt x 10.71011pt.

Package fancyhdr Warning: \headheight is too small (12.0pt): 
(fancyhdr)                Make it at least 14.50432pt, for example:
(fancyhdr)                \setlength{\headheight}{14.50432pt}.
(fancyhdr)                You might also make \topmargin smaller to compensate:

(fancyhdr)                \addtolength{\topmargin}{-2.50432pt}.

[18 <./16.png>]
<17.png, id=600, 494.2214pt x 106.52296pt>
File: 17.png Graphic file (type png)
<use 17.png>
Package pdftex.def Info: 17.png  used on input line 729.
(pdftex.def)             Requested size: 472.03123pt x 101.7391pt.
<21.png, id=602, 882.29625pt x 448.29985pt>
File: 21.png Graphic file (type png)
<use 21.png>
Package pdftex.def Info: 21.png  used on input line 794.
(pdftex.def)             Requested size: 472.03123pt x 239.84146pt.


File: okkl.jpg Graphic file (type jpg)
<use okkl.jpg>
Package pdftex.def Info: okkl.jpg  used on input line 798.
(pdftex.def)             Requested size: 42.67912pt x 10.71011pt.

Package fancyhdr Warning: \headheight is too small (12.0pt): 
(fancyhdr)                Make it at least 14.50432pt, for example:
(fancyhdr)                \setlength{\headheight}{14.50432pt}.
(fancyhdr)                You might also make \topmargin smaller to compensate:

(fancyhdr)                \addtolength{\topmargin}{-2.50432pt}.

[19 <./17.png>]
<22.png, id=614, 596.2275pt x 332.74312pt>
File: 22.png Graphic file (type png)
<use 22.png>
Package pdftex.def Info: 22.png  used on input line 820.
(pdftex.def)             Requested size: 472.03123pt x 263.43282pt.


File: okkl.jpg Graphic file (type jpg)
<use okkl.jpg>
Package pdftex.def Info: okkl.jpg  used on input line 824.
(pdftex.def)             Requested size: 42.67912pt x 10.71011pt.

Package fancyhdr Warning: \headheight is too small (12.0pt): 
(fancyhdr)                Make it at least 14.50432pt, for example:
(fancyhdr)                \setlength{\headheight}{14.50432pt}.
(fancyhdr)                You might also make \topmargin smaller to compensate:

(fancyhdr)                \addtolength{\topmargin}{-2.50432pt}.

[20 <./21.png>]
<23.png, id=624, 604.50844pt x 286.06876pt>
File: 23.png Graphic file (type png)
<use 23.png>
Package pdftex.def Info: 23.png  used on input line 851.
(pdftex.def)             Requested size: 472.03123pt x 223.37717pt.


File: okkl.jpg Graphic file (type jpg)
<use okkl.jpg>
Package pdftex.def Info: okkl.jpg  used on input line 855.
(pdftex.def)             Requested size: 42.67912pt x 10.71011pt.

Package fancyhdr Warning: \headheight is too small (12.0pt): 
(fancyhdr)                Make it at least 14.50432pt, for example:
(fancyhdr)                \setlength{\headheight}{14.50432pt}.
(fancyhdr)                You might also make \topmargin smaller to compensate:

(fancyhdr)                \addtolength{\topmargin}{-2.50432pt}.

[21 <./22.png>]
<24.png, id=633, 604.50844pt x 291.71484pt>
File: 24.png Graphic file (type png)
<use 24.png>
Package pdftex.def Info: 24.png  used on input line 879.
(pdftex.def)             Requested size: 472.03123pt x 227.7859pt.


File: okkl.jpg Graphic file (type jpg)
<use okkl.jpg>
Package pdftex.def Info: okkl.jpg  used on input line 883.
(pdftex.def)             Requested size: 42.67912pt x 10.71011pt.

Package fancyhdr Warning: \headheight is too small (12.0pt): 
(fancyhdr)                Make it at least 14.50432pt, for example:
(fancyhdr)                \setlength{\headheight}{14.50432pt}.
(fancyhdr)                You might also make \topmargin smaller to compensate:

(fancyhdr)                \addtolength{\topmargin}{-2.50432pt}.

[22 <./23.png>]
<25.png, id=642, 601.4972pt x 292.84406pt>
File: 25.png Graphic file (type png)
<use 25.png>
Package pdftex.def Info: 25.png  used on input line 905.
(pdftex.def)             Requested size: 472.03123pt x 229.82053pt.


File: okkl.jpg Graphic file (type jpg)
<use okkl.jpg>
Package pdftex.def Info: okkl.jpg  used on input line 909.
(pdftex.def)             Requested size: 42.67912pt x 10.71011pt.

Package fancyhdr Warning: \headheight is too small (12.0pt): 
(fancyhdr)                Make it at least 14.50432pt, for example:
(fancyhdr)                \setlength{\headheight}{14.50432pt}.
(fancyhdr)                You might also make \topmargin smaller to compensate:

(fancyhdr)                \addtolength{\topmargin}{-2.50432pt}.

[23 <./24.png>]
<26.png, id=653, 599.99156pt x 237.13594pt>
File: 26.png Graphic file (type png)
<use 26.png>
Package pdftex.def Info: 26.png  used on input line 930.
(pdftex.def)             Requested size: 472.03123pt x 186.56822pt.


File: okkl.jpg Graphic file (type jpg)
<use okkl.jpg>
Package pdftex.def Info: okkl.jpg  used on input line 934.
(pdftex.def)             Requested size: 42.67912pt x 10.71011pt.

Package fancyhdr Warning: \headheight is too small (12.0pt): 
(fancyhdr)                Make it at least 14.50432pt, for example:
(fancyhdr)                \setlength{\headheight}{14.50432pt}.
(fancyhdr)                You might also make \topmargin smaller to compensate:

(fancyhdr)                \addtolength{\topmargin}{-2.50432pt}.

[24 <./25.png>]
<27.png, id=662, 604.50844pt x 355.7039pt>
File: 27.png Graphic file (type png)
<use 27.png>
Package pdftex.def Info: 27.png  used on input line 953.
(pdftex.def)             Requested size: 472.03123pt x 277.75186pt.


File: okkl.jpg Graphic file (type jpg)
<use okkl.jpg>
Package pdftex.def Info: okkl.jpg  used on input line 957.
(pdftex.def)             Requested size: 42.67912pt x 10.71011pt.

Package fancyhdr Warning: \headheight is too small (12.0pt): 
(fancyhdr)                Make it at least 14.50432pt, for example:
(fancyhdr)                \setlength{\headheight}{14.50432pt}.
(fancyhdr)                You might also make \topmargin smaller to compensate:

(fancyhdr)                \addtolength{\topmargin}{-2.50432pt}.

[25 <./26.png>]
<28.png, id=670, 603.75563pt x 249.93375pt>
File: 28.png Graphic file (type png)
<use 28.png>
Package pdftex.def Info: 28.png  used on input line 982.
(pdftex.def)             Requested size: 472.03123pt x 195.40518pt.


File: okkl.jpg Graphic file (type jpg)
<use okkl.jpg>
Package pdftex.def Info: okkl.jpg  used on input line 986.
(pdftex.def)             Requested size: 42.67912pt x 10.71011pt.

Package fancyhdr Warning: \headheight is too small (12.0pt): 
(fancyhdr)                Make it at least 14.50432pt, for example:
(fancyhdr)                \setlength{\headheight}{14.50432pt}.
(fancyhdr)                You might also make \topmargin smaller to compensate:

(fancyhdr)                \addtolength{\topmargin}{-2.50432pt}.

[26 <./27.png>]
<291.png, id=679, 598.10953pt x 350.81062pt>
File: 291.png Graphic file (type png)
<use 291.png>
Package pdftex.def Info: 291.png  used on input line 1007.
(pdftex.def)             Requested size: 472.03123pt x 276.86435pt.
<292.png, id=680, 598.48593pt x 357.58594pt>
File: 292.png Graphic file (type png)
<use 292.png>
Package pdftex.def Info: 292.png  used on input line 1008.
(pdftex.def)             Requested size: 472.03123pt x 282.03691pt.
<293.png, id=681, 598.86235pt x 361.35pt>
File: 293.png Graphic file (type png)
<use 293.png>
Package pdftex.def Info: 293.png  used on input line 1009.
(pdftex.def)             Requested size: 472.03123pt x 284.82378pt.


File: okkl.jpg Graphic file (type jpg)
<use okkl.jpg>
Package pdftex.def Info: okkl.jpg  used on input line 1013.
(pdftex.def)             Requested size: 42.67912pt x 10.71011pt.

Package fancyhdr Warning: \headheight is too small (12.0pt): 
(fancyhdr)                Make it at least 14.50432pt, for example:
(fancyhdr)                \setlength{\headheight}{14.50432pt}.
(fancyhdr)                You might also make \topmargin smaller to compensate:

(fancyhdr)                \addtolength{\topmargin}{-2.50432pt}.

[27 <./28.png>]
Overfull \vbox (219.46025pt too high) has occurred while \output is active []



File: okkl.jpg Graphic file (type jpg)
<use okkl.jpg>
Package pdftex.def Info: okkl.jpg  used on input line 1013.
(pdftex.def)             Requested size: 42.67912pt x 10.71011pt.

Package fancyhdr Warning: \headheight is too small (12.0pt): 
(fancyhdr)                Make it at least 14.50432pt, for example:
(fancyhdr)                \setlength{\headheight}{14.50432pt}.
(fancyhdr)                You might also make \topmargin smaller to compensate:

(fancyhdr)                \addtolength{\topmargin}{-2.50432pt}.

[28 <./291.png> <./292.png> <./293.png>]
<210.png, id=699, 604.50844pt x 356.83313pt>
File: 210.png Graphic file (type png)
<use 210.png>
Package pdftex.def Info: 210.png  used on input line 1033.
(pdftex.def)             Requested size: 472.03123pt x 278.63362pt.


File: okkl.jpg Graphic file (type jpg)
<use okkl.jpg>
Package pdftex.def Info: okkl.jpg  used on input line 1073.
(pdftex.def)             Requested size: 42.67912pt x 10.71011pt.

Package fancyhdr Warning: \headheight is too small (12.0pt): 
(fancyhdr)                Make it at least 14.50432pt, for example:
(fancyhdr)                \setlength{\headheight}{14.50432pt}.
(fancyhdr)                You might also make \topmargin smaller to compensate:

(fancyhdr)                \addtolength{\topmargin}{-2.50432pt}.

[29 <./210.png>]
<31.png, id=709, 590.205pt x 152.44453pt>
File: 31.png Graphic file (type png)
<use 31.png>
Package pdftex.def Info: 31.png  used on input line 1078.
(pdftex.def)             Requested size: 472.03123pt x 121.92322pt.


File: okkl.jpg Graphic file (type jpg)
<use okkl.jpg>
Package pdftex.def Info: okkl.jpg  used on input line 1125.
(pdftex.def)             Requested size: 42.67912pt x 10.71011pt.

Package fancyhdr Warning: \headheight is too small (12.0pt): 
(fancyhdr)                Make it at least 14.50432pt, for example:
(fancyhdr)                \setlength{\headheight}{14.50432pt}.
(fancyhdr)                You might also make \topmargin smaller to compensate:

(fancyhdr)                \addtolength{\topmargin}{-2.50432pt}.

[30 <./31.png>]
<32.png, id=718, 499.49109pt x 270.25969pt>
File: 32.png Graphic file (type png)
<use 32.png>
Package pdftex.def Info: 32.png  used on input line 1130.
(pdftex.def)             Requested size: 472.03123pt x 255.40912pt.


File: okkl.jpg Graphic file (type jpg)
<use okkl.jpg>
Package pdftex.def Info: okkl.jpg  used on input line 1134.
(pdftex.def)             Requested size: 42.67912pt x 10.71011pt.

Package fancyhdr Warning: \headheight is too small (12.0pt): 
(fancyhdr)                Make it at least 14.50432pt, for example:
(fancyhdr)                \setlength{\headheight}{14.50432pt}.
(fancyhdr)                You might also make \topmargin smaller to compensate:

(fancyhdr)                \addtolength{\topmargin}{-2.50432pt}.

[31]
Overfull \hbox (144.87929pt too wide) in paragraph at lines 1163--1163
 []\OT1/cmtt/m/n/10.53937 cat clean_boot_log_0.txt clean_boot_log_1.txt clean_b
oot_log_2.txt | sort | uniq -c > all_boot_logs.txt[] 
 []



File: okkl.jpg Graphic file (type jpg)
<use okkl.jpg>
Package pdftex.def Info: okkl.jpg  used on input line 1163.
(pdftex.def)             Requested size: 42.67912pt x 10.71011pt.

Package fancyhdr Warning: \headheight is too small (12.0pt): 
(fancyhdr)                Make it at least 14.50432pt, for example:
(fancyhdr)                \setlength{\headheight}{14.50432pt}.
(fancyhdr)                You might also make \topmargin smaller to compensate:

(fancyhdr)                \addtolength{\topmargin}{-2.50432pt}.

[32 <./32.png>]
<33.png, id=731, 601.12079pt x 331.2375pt>
File: 33.png Graphic file (type png)
<use 33.png>
Package pdftex.def Info: 33.png  used on input line 1168.
(pdftex.def)             Requested size: 472.03123pt x 260.11298pt.

Overfull \hbox (144.87929pt too wide) in paragraph at lines 1200--1200
 []\OT1/cmtt/m/n/10.53937 cat clean_boot_log_0.txt clean_boot_log_1.txt clean_b
oot_log_2.txt | sort | uniq -c > all_boot_logs.txt[] 
 []



File: okkl.jpg Graphic file (type jpg)
<use okkl.jpg>
Package pdftex.def Info: okkl.jpg  used on input line 1200.
(pdftex.def)             Requested size: 42.67912pt x 10.71011pt.

Package fancyhdr Warning: \headheight is too small (12.0pt): 
(fancyhdr)                Make it at least 14.50432pt, for example:
(fancyhdr)                \setlength{\headheight}{14.50432pt}.
(fancyhdr)                You might also make \topmargin smaller to compensate:

(fancyhdr)                \addtolength{\topmargin}{-2.50432pt}.

[33 <./33.png>]
File: 33.png Graphic file (type png)
<use 33.png>
Package pdftex.def Info: 33.png  used on input line 1205.
(pdftex.def)             Requested size: 472.03123pt x 260.11298pt.


File: okkl.jpg Graphic file (type jpg)
<use okkl.jpg>
Package pdftex.def Info: okkl.jpg  used on input line 1267.
(pdftex.def)             Requested size: 42.67912pt x 10.71011pt.

Package fancyhdr Warning: \headheight is too small (12.0pt): 
(fancyhdr)                Make it at least 14.50432pt, for example:
(fancyhdr)                \setlength{\headheight}{14.50432pt}.
(fancyhdr)                You might also make \topmargin smaller to compensate:

(fancyhdr)                \addtolength{\topmargin}{-2.50432pt}.

[34]
Underfull \hbox (badness 10000) in paragraph at lines 1315--1316

 []



File: okkl.jpg Graphic file (type jpg)
<use okkl.jpg>
Package pdftex.def Info: okkl.jpg  used on input line 1336.
(pdftex.def)             Requested size: 42.67912pt x 10.71011pt.

Package fancyhdr Warning: \headheight is too small (12.0pt): 
(fancyhdr)                Make it at least 14.50432pt, for example:
(fancyhdr)                \setlength{\headheight}{14.50432pt}.
(fancyhdr)                You might also make \topmargin smaller to compensate:

(fancyhdr)                \addtolength{\topmargin}{-2.50432pt}.

[35]

File: okkl.jpg Graphic file (type jpg)
<use okkl.jpg>
Package pdftex.def Info: okkl.jpg  used on input line 1336.
(pdftex.def)             Requested size: 42.67912pt x 10.71011pt.

Package fancyhdr Warning: \headheight is too small (12.0pt): 
(fancyhdr)                Make it at least 14.50432pt, for example:
(fancyhdr)                \setlength{\headheight}{14.50432pt}.
(fancyhdr)                You might also make \topmargin smaller to compensate:

(fancyhdr)                \addtolength{\topmargin}{-2.50432pt}.

[36] (./於佳杰的LATEX.aux)
 ***********
LaTeX2e <2024-06-01> patch level 2
L3 programming layer <2022/07/14>
 ***********


LaTeX Font Warning: Size substitutions with differences
(Font)              up to 0.41063pt have occurred.

Package rerunfilecheck Info: File `於佳杰的LATEX.out' has not changed.
(rerunfilecheck)             Checksum: 7E652580B8B422B3290816B10593417C;5007.
 ) 
Here is how much of TeX's memory you used:
 40783 strings out of 473579
 918395 string characters out of 5729245
 1951960 words of memory out of 5000000
 62495 multiletter control sequences out of 15000+600000
 626595 words of font info for 285 fonts, out of 8000000 for 9000
 1141 hyphenation exceptions out of 8191
 88i,15n,92p,1207b,785s stack positions out of 10000i,1000n,20000p,200000b,200000s
<c:/Windows/Fonts/simsun.ttc><c:/Windows/Fonts/simsun.ttc><c:/Windows/Fonts/s
imsun.ttc><c:/Windows/Fonts/simsun.ttc><c:/Windows/Fonts/simsun.ttc><c:/Windows
/Fonts/simhei.ttf><c:/Windows/Fonts/simhei.ttf><c:/Windows/Fonts/simfang.ttf><c
:/Windows/Fonts/simfang.ttf><c:/Windows/Fonts/simhei.ttf><c:/Windows/Fonts/simf
ang.ttf><c:/Windows/Fonts/simhei.ttf><c:/Windows/Fonts/simhei.ttf><c:/Windows/F
onts/simfang.ttf><c:/Windows/Fonts/simfang.ttf><c:/Windows/Fonts/simfang.ttf><c
:/Windows/Fonts/simfang.ttf><c:/Windows/Fonts/simfang.ttf><c:/Windows/Fonts/sim
fang.ttf><c:/Windows/Fonts/simsun.ttc><c:/Windows/Fonts/simhei.ttf><c:/Windows/
Fonts/simfang.ttf><c:/Windows/Fonts/simfang.ttf><c:/Windows/Fonts/simsun.ttc><c
:/Windows/Fonts/simhei.ttf><c:/Windows/Fonts/simhei.ttf><c:/Windows/Fonts/simfa
ng.ttf><c:/Windows/Fonts/simfang.ttf><c:/Windows/Fonts/simhei.ttf><c:/Windows/F
onts/simhei.ttf><c:/Windows/Fonts/simhei.ttf><c:/Windows/Fonts/simhei.ttf><c:/W
indows/Fonts/simhei.ttf><c:/Windows/Fonts/simfang.ttf><c:/Windows/Fonts/simfang
.ttf><c:/Windows/Fonts/simfang.ttf><c:/Windows/Fonts/simhei.ttf><c:/Windows/Fon
ts/simhei.ttf><c:/Windows/Fonts/simfang.ttf><c:/Windows/Fonts/simfang.ttf><c:/W
indows/Fonts/simfang.ttf><c:/Windows/Fonts/simfang.ttf><c:/Windows/Fonts/simfan
g.ttf><c:/Windows/Fonts/simhei.ttf><c:/Windows/Fonts/simhei.ttf><c:/Windows/Fon
ts/simfang.ttf><c:/Windows/Fonts/simfang.ttf><c:/Windows/Fonts/simfang.ttf><c:/
Windows/Fonts/simfang.ttf><c:/Windows/Fonts/simfang.ttf><c:/Windows/Fonts/simhe
i.ttf><c:/Windows/Fonts/simfang.ttf><c:/Windows/Fonts/simfang.ttf><c:/Windows/F
onts/simfang.ttf><c:/Windows/Fonts/simfang.ttf><c:/Windows/Fonts/simsun.ttc><c:
/Windows/Fonts/simhei.ttf><c:/Windows/Fonts/simfang.ttf><c:/Windows/Fonts/simsu
n.ttc><c:/Windows/Fonts/simsun.ttc><c:/Windows/Fonts/simsun.ttc><c:/Windows/Fon
ts/simfang.ttf><c:/Windows/Fonts/simfang.ttf><c:/Windows/Fonts/simfang.ttf><c:/
Windows/Fonts/simfang.ttf><c:/Windows/Fonts/simfang.ttf><c:/Windows/Fonts/simfa
ng.ttf><c:/Windows/Fonts/simfang.ttf><c:/Windows/Fonts/simfang.ttf><c:/Windows/
Fonts/simfang.ttf><c:/Windows/Fonts/simfang.ttf><c:/Windows/Fonts/simfang.ttf><
c:/Windows/Fonts/simfang.ttf><c:/Windows/Fonts/simfang.ttf><c:/Windows/Fonts/si
mfang.ttf><c:/Windows/Fonts/simfang.ttf><c:/Windows/Fonts/simfang.ttf><c:/Windo
ws/Fonts/simfang.ttf><c:/Windows/Fonts/simfang.ttf><c:/Windows/Fonts/simfang.tt
f><c:/Windows/Fonts/simfang.ttf><c:/Windows/Fonts/simfang.ttf><c:/Windows/Fonts
/simfang.ttf><c:/Windows/Fonts/simfang.ttf><c:/Windows/Fonts/simfang.ttf><c:/Wi
ndows/Fonts/simfang.ttf><c:/Windows/Fonts/simfang.ttf><c:/Windows/Fonts/simfang
.ttf><c:/Windows/Fonts/simfang.ttf><c:/Windows/Fonts/simfang.ttf><c:/Windows/Fo
nts/simfang.ttf><c:/Windows/Fonts/simfang.ttf><c:/Windows/Fonts/simfang.ttf><c:
/Windows/Fonts/simfang.ttf><c:/Windows/Fonts/simsun.ttc><c:/Windows/Fonts/simsu
n.ttc><c:/Windows/Fonts/simsun.ttc><c:/Windows/Fonts/simsun.ttc><c:/Windows/Fon
ts/simsun.ttc><c:/Windows/Fonts/simsun.ttc><c:/Windows/Fonts/simsun.ttc><c:/Win
dows/Fonts/simhei.ttf><c:/Windows/Fonts/simsun.ttc><c:/Windows/Fonts/simsun.ttc
><c:/Windows/Fonts/simsun.ttc><c:/Windows/Fonts/simsun.ttc><c:/Windows/Fonts/si
mhei.ttf><c:/Windows/Fonts/simhei.ttf><c:/Windows/Fonts/simhei.ttf><c:/Windows/
Fonts/simhei.ttf><c:/Windows/Fonts/simhei.ttf><c:/Windows/Fonts/simhei.ttf><c:/
Windows/Fonts/simsun.ttc><c:/Windows/Fonts/simsun.ttc><c:/Windows/Fonts/simsun.
ttc><c:/Windows/Fonts/simhei.ttf><c:/Windows/Fonts/simhei.ttf><c:/Windows/Fonts
/simhei.ttf><c:/Windows/Fonts/simhei.ttf><c:/Windows/Fonts/simhei.ttf><c:/Windo
ws/Fonts/simhei.ttf><c:/Windows/Fonts/simhei.ttf><c:/Windows/Fonts/simsun.ttc><
c:/Windows/Fonts/simsun.ttc><c:/Windows/Fonts/simsun.ttc><c:/Windows/Fonts/sims
un.ttc><c:/Windows/Fonts/simsun.ttc><c:/Windows/Fonts/simsun.ttc><c:/Windows/Fo
nts/simsun.ttc><c:/Windows/Fonts/simsun.ttc><c:/Windows/Fonts/simsun.ttc><c:/Wi
ndows/Fonts/simsun.ttc><c:/Windows/Fonts/simsun.ttc><c:/Windows/Fonts/simsun.tt
c><c:/Windows/Fonts/simsun.ttc><c:/Windows/Fonts/simsun.ttc><c:/Windows/Fonts/s
imsun.ttc><c:/Windows/Fonts/simsun.ttc><c:/Windows/Fonts/simsun.ttc><c:/Windows
/Fonts/simsun.ttc><c:/Windows/Fonts/simsun.ttc><c:/Windows/Fonts/simsun.ttc><c:
/Windows/Fonts/simsun.ttc><c:/Windows/Fonts/simsun.ttc><c:/Windows/Fonts/simsun
.ttc><c:/Windows/Fonts/simsun.ttc><c:/Windows/Fonts/simsun.ttc><c:/Windows/Font
s/simsun.ttc><c:/Windows/Fonts/simsun.ttc><c:/Windows/Fonts/simsun.ttc><c:/Wind
ows/Fonts/simsun.ttc><c:/Windows/Fonts/simsun.ttc><c:/Windows/Fonts/simsun.ttc>
<c:/Windows/Fonts/simsun.ttc><c:/Windows/Fonts/simsun.ttc><c:/Windows/Fonts/sim
sun.ttc><c:/Windows/Fonts/simhei.ttf><c:/Windows/Fonts/simhei.ttf><c:/Windows/F
onts/simhei.ttf><c:/Windows/Fonts/simhei.ttf><c:/Windows/Fonts/simsun.ttc><c:/W
indows/Fonts/simsun.ttc><c:/Windows/Fonts/simsun.ttc><c:/Windows/Fonts/simsun.t
tc><c:/Windows/Fonts/simsun.ttc><c:/Windows/Fonts/simsun.ttc><c:/Windows/Fonts/
simsun.ttc><c:/Windows/Fonts/simsun.ttc><c:/Windows/Fonts/simsun.ttc><c:/Window
s/Fonts/simsun.ttc><c:/Windows/Fonts/simhei.ttf><c:/Windows/Fonts/simhei.ttf><c
:/Windows/Fonts/simhei.ttf><c:/Windows/Fonts/simhei.ttf><c:/Windows/Fonts/simhe
i.ttf><c:/Windows/Fonts/simhei.ttf><c:/Windows/Fonts/simhei.ttf><c:/Windows/Fon
ts/simhei.ttf><c:/Windows/Fonts/simhei.ttf><c:/latex/texlive/2024/texmf-dist/fo
nts/type1/public/amsfonts/cm/cmbx10.pfb><c:/latex/texlive/2024/texmf-dist/fonts
/type1/public/amsfonts/cm/cmbx12.pfb><c:/latex/texlive/2024/texmf-dist/fonts/ty
pe1/public/amsfonts/cm/cmr10.pfb><c:/latex/texlive/2024/texmf-dist/fonts/type1/
public/amsfonts/cm/cmr12.pfb><c:/latex/texlive/2024/texmf-dist/fonts/type1/publ
ic/amsfonts/cm/cmtt10.pfb><c:/latex/texlive/2024/texmf-dist/fonts/type1/public/
cm-super/sfrm1000.pfb>
Output written on 於佳杰的LATEX.pdf (39 pages, 2166017 bytes).
PDF statistics:
 1375 PDF objects out of 1440 (max. 8388607)
 992 compressed objects within 10 object streams
 148 named destinations out of 1000 (max. 500000)
 793 words of extra memory for PDF output out of 10000 (max. 10000000)

