\BOOKMARK [1][-]{section.1}{\376\377\133\236\232\214\166\356\166\204}{}% 1
\BOOKMARK [1][-]{section.2}{\376\377\133\236\117\213\134\125\171\072}{}% 2
\BOOKMARK [2][-]{subsection.2.1}{\376\377\000S\000h\000e\000l\000l}{section.2}% 3
\BOOKMARK [3][-]{subsubsection.2.1.1}{\376\377\213\373\123\326\000\040\000m\000a\000n\000\040\000l\000s\000\040\136\166\177\026\121\231\116\000\116\052\124\175\116\344\377\014\143\011\116\345\116\013\145\271\137\017\122\027\121\372\145\207\116\366\000l\000s}{subsection.2.1}% 4
\BOOKMARK [3][-]{subsubsection.2.1.2}{\376\377\000\040\177\026\121\231\116\000\116\052\000\040\000b\000a\000s\000h\000\040\201\032\147\054}{subsection.2.1}% 5
\BOOKMARK [3][-]{subsubsection.2.1.3}{\376\377\177\026\121\231\116\000\116\052\124\175\116\344}{subsection.2.1}% 6
\BOOKMARK [3][-]{subsubsection.2.1.4}{\376\377\177\026\121\231\124\175\116\344\142\026\201\032\147\054}{subsection.2.1}% 7
\BOOKMARK [3][-]{subsubsection.2.1.5}{\376\377\201\352\122\250\123\026\145\160\143\156\136\223\131\007\116\375}{subsection.2.1}% 8
\BOOKMARK [3][-]{subsubsection.2.1.6}{\376\377\142\171\221\317\221\315\124\175\124\015\145\207\116\366}{subsection.2.1}% 9
\BOOKMARK [3][-]{subsubsection.2.1.7}{\376\377\150\300\155\113\136\166\201\352\122\250\117\356\131\015\177\072\131\061\166\204\217\157\116\366\123\005}{subsection.2.1}% 10
\BOOKMARK [3][-]{subsubsection.2.1.8}{\376\377\201\352\122\250\123\026\145\345\137\327\145\207\116\366\217\156\217\154}{subsection.2.1}% 11
\BOOKMARK [3][-]{subsubsection.2.1.9}{\376\377\201\352\122\250\123\026\165\050\142\067\215\046\142\067\122\033\136\372}{subsection.2.1}% 12
\BOOKMARK [3][-]{subsubsection.2.1.10}{\376\377\201\352\122\250\123\026\174\373\176\337\146\364\145\260\124\214\156\005\164\006}{subsection.2.1}% 13
\BOOKMARK [3][-]{subsubsection.2.1.11}{\376\377\201\352\122\250\123\026\170\301\166\330\117\177\165\050\140\305\121\265\142\245\124\112}{subsection.2.1}% 14
\BOOKMARK [3][-]{subsubsection.2.1.12}{\376\377\201\352\122\250\123\026\145\345\137\327\145\207\116\366\122\006\147\220}{subsection.2.1}% 15
\BOOKMARK [3][-]{subsubsection.2.1.13}{\376\377\166\321\143\247\145\207\116\366\121\205\133\271\166\204\133\236\145\366\123\330\123\026}{subsection.2.1}% 16
\BOOKMARK [3][-]{subsubsection.2.1.14}{\376\377\176\337\213\241\166\356\137\125\116\013\145\207\116\366\166\204\210\114\145\160}{subsection.2.1}% 17
\BOOKMARK [3][-]{subsubsection.2.1.15}{\376\377\146\076\171\072\145\207\116\366\166\204\147\000\124\016\123\101\210\114}{subsection.2.1}% 18
\BOOKMARK [3][-]{subsubsection.2.1.16}{\376\377\201\352\122\250\123\026\145\345\137\327\137\122\150\143\124\214\156\005\164\006}{subsection.2.1}% 19
\BOOKMARK [2][-]{subsection.2.2}{\376\377\000v\000i\000m}{section.2}% 20
\BOOKMARK [3][-]{subsubsection.2.2.1}{\376\377\133\211\210\305\136\166\221\115\177\156\143\322\116\366\377\032\000c\000t\000r\000l\000p\000.\000v\000i\000m}{subsection.2.2}% 21
\BOOKMARK [3][-]{subsubsection.2.2.2}{\376\377\122\006\134\117\177\026\217\221\131\032\116\052\145\207\116\366}{subsection.2.2}% 22
\BOOKMARK [3][-]{subsubsection.2.2.3}{\376\377\000\040\137\125\122\066\133\217}{subsection.2.2}% 23
\BOOKMARK [3][-]{subsubsection.2.2.4}{\376\377\147\345\142\176\124\214\146\377\143\142\123\206\123\362}{subsection.2.2}% 24
\BOOKMARK [3][-]{subsubsection.2.2.5}{\376\377\232\330\116\256\144\034\175\042}{subsection.2.2}% 25
\BOOKMARK [3][-]{subsubsection.2.2.6}{\376\377\134\006\142\100\147\011\122\066\210\150\173\046\217\154\143\142\116\072\172\172\150\074}{subsection.2.2}% 26
\BOOKMARK [3][-]{subsubsection.2.2.7}{\376\377\146\076\171\072\210\114\123\367}{subsection.2.2}% 27
\BOOKMARK [3][-]{subsubsection.2.2.8}{\376\377\116\343\170\001\142\230\123\340}{subsection.2.2}% 28
\BOOKMARK [3][-]{subsubsection.2.2.9}{\376\377\131\015\147\102\166\204\121\111\150\007\171\373\122\250}{subsection.2.2}% 29
\BOOKMARK [3][-]{subsubsection.2.2.10}{\376\377\201\352\122\250\210\145\121\150\116\016\116\343\170\001\210\145\121\150}{subsection.2.2}% 30
\BOOKMARK [2][-]{subsection.2.3}{\376\377\145\160\143\156\145\164\164\006}{section.2}% 31
\BOOKMARK [3][-]{subsubsection.2.3.1}{\376\377\116\316\133\127\121\170\116\055\122\006\147\220\123\125\213\315}{subsection.2.3}% 32
\BOOKMARK [3][-]{subsubsection.2.3.2}{\376\377\174\373\176\337\124\057\122\250\145\366\225\364\122\006\147\220}{subsection.2.3}% 33
\BOOKMARK [3][-]{subsubsection.2.3.3}{\376\377\125\057\116\000\124\057\122\250\155\210\140\157\000\040}{subsection.2.3}% 34
\BOOKMARK [1][-]{section.3}{\376\377\126\360\226\276\116\016\211\343\121\263\145\271\150\110}{}% 35
\BOOKMARK [2][-]{subsection.3.1}{\376\377\000S\000h\000e\000l\000l}{section.3}% 36
\BOOKMARK [2][-]{subsection.3.2}{\376\377\000v\000i\000m}{section.3}% 37
\BOOKMARK [1][-]{section.4}{\376\377\137\303\137\227\117\123\117\032}{}% 38
\BOOKMARK [1][-]{section.5}{\376\377\000g\000i\000t\000h\000u\000b\177\121\127\100}{}% 39
