\BOOKMARK [1][-]{section.1}{\376\377\133\236\232\214\166\356\166\204}{}% 1
\BOOKMARK [1][-]{section.2}{\376\377\133\236\117\213\134\125\171\072}{}% 2
\BOOKMARK [2][-]{subsection.2.1}{\376\377\124\175\116\344\210\114\163\257\130\203}{section.2}% 3
\BOOKMARK [3][-]{subsubsection.2.1.1}{\376\377\124\016\123\360\142\147\210\114\117\134\116\032}{subsection.2.1}% 4
\BOOKMARK [3][-]{subsubsection.2.1.2}{\376\377\203\267\123\326\147\000\136\070\165\050\166\204\000\040\0001\0000\000\040\116\052\124\175\116\344}{subsection.2.1}% 5
\BOOKMARK [3][-]{subsubsection.2.1.3}{\376\377\000V\000M\000\040\116\055\133\211\210\305\000\040\000m\000o\000s\000h\000\040\136\166\136\372\172\313\217\336\143\245}{subsection.2.1}% 6
\BOOKMARK [3][-]{subsubsection.2.1.4}{\376\377\176\323\147\137\217\333\172\013}{subsection.2.1}% 7
\BOOKMARK [3][-]{subsubsection.2.1.5}{\376\377\146\202\120\134\124\214\124\016\123\360\142\147\210\114\217\333\172\013}{subsection.2.1}% 8
\BOOKMARK [3][-]{subsubsection.2.1.6}{\376\377\176\310\172\357\131\032\215\357\131\015\165\050}{subsection.2.1}% 9
\BOOKMARK [3][-]{subsubsection.2.1.7}{\376\377\122\053\124\015}{subsection.2.1}% 10
\BOOKMARK [3][-]{subsubsection.2.1.8}{\376\377\117\177\165\050\000S\000S\000H\142\147\210\114\124\175\116\344}{subsection.2.1}% 11
\BOOKMARK [3][-]{subsubsection.2.1.9}{\376\377\000S\000S\000H\000\040\133\306\224\245}{subsection.2.1}% 12
\BOOKMARK [3][-]{subsubsection.2.1.10}{\376\377\220\032\217\307\000\040\000S\000S\000H\000\040\131\015\122\066\145\207\116\366}{subsection.2.1}% 13
\BOOKMARK [3][-]{subsubsection.2.1.11}{\376\377\172\357\123\343\217\154\123\321}{subsection.2.1}% 14
\BOOKMARK [3][-]{subsubsection.2.1.12}{\376\377\123\213\177\051\116\016\211\343\123\213}{subsection.2.1}% 15
\BOOKMARK [3][-]{subsubsection.2.1.13}{\376\377\000\040\142\171\221\317\221\315\124\175\124\015\145\207\116\366}{subsection.2.1}% 16
\BOOKMARK [3][-]{subsubsection.2.1.14}{\376\377\177\121\176\334\135\345\121\167}{subsection.2.1}% 17
\BOOKMARK [2][-]{subsection.2.2}{\376\377\000P\000y\000t\000h\000o\000n\121\145\225\350\127\372\170\100}{section.2}% 18
\BOOKMARK [3][-]{subsubsection.2.2.1}{\376\377\122\027\210\150}{subsection.2.2}% 19
\BOOKMARK [3][-]{subsubsection.2.2.2}{\376\377\121\103\176\304}{subsection.2.2}% 20
\BOOKMARK [3][-]{subsubsection.2.2.3}{\376\377\226\306\124\010}{subsection.2.2}% 21
\BOOKMARK [3][-]{subsubsection.2.2.4}{\376\377\133\127\121\170}{subsection.2.2}% 22
\BOOKMARK [3][-]{subsubsection.2.2.5}{\376\377\147\141\116\366\143\247\122\066}{subsection.2.2}% 23
\BOOKMARK [3][-]{subsubsection.2.2.6}{\376\377\137\252\163\257\213\355\123\345}{subsection.2.2}% 24
\BOOKMARK [3][-]{subsubsection.2.2.7}{\376\377\131\032\221\315\215\113\120\074\000\040}{subsection.2.2}% 25
\BOOKMARK [3][-]{subsubsection.2.2.8}{\376\377\220\022\137\122\121\375\145\160}{subsection.2.2}% 26
\BOOKMARK [3][-]{subsubsection.2.2.9}{\376\377\224\376\137\017\153\324\217\203\000\040}{subsection.2.2}% 27
\BOOKMARK [3][-]{subsubsection.2.2.10}{\376\377\213\241\145\160\126\150}{subsection.2.2}% 28
\BOOKMARK [3][-]{subsubsection.2.2.11}{\376\377\153\143\122\031\210\150\217\276\137\017}{subsection.2.2}% 29
\BOOKMARK [3][-]{subsubsection.2.2.12}{\376\377\122\027\210\150\143\250\133\374\137\017}{subsection.2.2}% 30
\BOOKMARK [3][-]{subsubsection.2.2.13}{\376\377\165\037\142\020\126\150\210\150\217\276\137\017\000\040}{subsection.2.2}% 31
\BOOKMARK [3][-]{subsubsection.2.2.14}{\376\377\124\175\124\015\121\103\176\304}{subsection.2.2}% 32
\BOOKMARK [3][-]{subsubsection.2.2.15}{\376\377\236\330\213\244\133\127\121\170}{subsection.2.2}% 33
\BOOKMARK [2][-]{subsection.2.3}{\376\377\000P\000y\000t\000h\000o\000n\211\306\211\311\136\224\165\050}{section.2}% 34
\BOOKMARK [3][-]{subsubsection.2.3.1}{\376\377\126\376\120\317\177\051\145\076}{subsection.2.3}% 35
\BOOKMARK [3][-]{subsubsection.2.3.2}{\376\377\126\376\120\317\150\074\137\017\217\154\143\142}{subsection.2.3}% 36
\BOOKMARK [3][-]{subsubsection.2.3.3}{\376\377\126\376\120\317\145\313\217\154}{subsection.2.3}% 37
\BOOKMARK [3][-]{subsubsection.2.3.4}{\376\377\126\376\120\317\160\160\136\246\123\026}{subsection.2.3}% 38
\BOOKMARK [3][-]{subsubsection.2.3.5}{\376\377\126\376\120\317\166\364\145\271\126\376\127\107\210\141\123\026}{subsection.2.3}% 39
\BOOKMARK [1][-]{section.3}{\376\377\126\360\226\276\116\016\211\343\121\263\145\271\150\110}{}% 40
\BOOKMARK [2][-]{subsection.3.1}{\376\377\124\175\116\344\210\114\163\257\130\203}{section.3}% 41
\BOOKMARK [2][-]{subsection.3.2}{\376\377\000P\000y\000t\000h\000o\000n\121\145\225\350\127\372\170\100}{section.3}% 42
\BOOKMARK [2][-]{subsection.3.3}{\376\377\000P\000y\000t\000h\000o\000n\211\306\211\311\136\224\165\050}{section.3}% 43
\BOOKMARK [1][-]{section.4}{\376\377\137\303\137\227\117\123\117\032}{}% 44
\BOOKMARK [1][-]{section.5}{\376\377\000g\000i\000t\000h\000u\000b\177\121\127\100}{}% 45
